  [1m[35m (821.9ms)[0m  [1m[35mCREATE DATABASE "URLShortener_development" ENCODING = 'unicode'[0m
  ↳ bin/rails:9
  [1m[35m (246.8ms)[0m  [1m[35mCREATE DATABASE "URLShortener_test" ENCODING = 'unicode'[0m
  ↳ bin/rails:9
  [1m[35m (143.8ms)[0m  [1m[35mCREATE TABLE "schema_migrations" ("version" character varying NOT NULL PRIMARY KEY)[0m
  ↳ bin/rails:9
  [1m[35m (40.0ms)[0m  [1m[35mCREATE TABLE "ar_internal_metadata" ("key" character varying NOT NULL PRIMARY KEY, "value" character varying, "created_at" timestamp NOT NULL, "updated_at" timestamp NOT NULL)[0m
  ↳ bin/rails:9
  [1m[35m (0.2ms)[0m  [1m[34mSELECT pg_try_advisory_lock(4762635147840476445)[0m
  ↳ bin/rails:9
  [1m[35m (7.1ms)[0m  [1m[34mSELECT "schema_migrations"."version" FROM "schema_migrations" ORDER BY "schema_migrations"."version" ASC[0m
  ↳ bin/rails:9
Migrating to CreateUsers (20181212201417)
  [1m[35m (0.4ms)[0m  [1m[35mBEGIN[0m
  ↳ bin/rails:9
  [1m[35m (55.4ms)[0m  [1m[35mCREATE TABLE "users" ("id" bigserial primary key, "email" character varying NOT NULL, "created_at" timestamp NOT NULL, "updated_at" timestamp NOT NULL)[0m
  ↳ db/migrate/20181212201417_create_users.rb:3
  [1m[35m (8.2ms)[0m  [1m[35mCREATE  INDEX  "index_users_on_email" ON "users"  ("email")[0m
  ↳ db/migrate/20181212201417_create_users.rb:7
  [1m[36mActiveRecord::SchemaMigration Create (0.6ms)[0m  [1m[32mINSERT INTO "schema_migrations" ("version") VALUES ($1) RETURNING "version"[0m  [["version", "20181212201417"]]
  ↳ bin/rails:9
  [1m[35m (0.5ms)[0m  [1m[35mCOMMIT[0m
  ↳ bin/rails:9
  [1m[36mActiveRecord::InternalMetadata Load (0.7ms)[0m  [1m[34mSELECT  "ar_internal_metadata".* FROM "ar_internal_metadata" WHERE "ar_internal_metadata"."key" = $1 LIMIT $2[0m  [["key", "environment"], ["LIMIT", 1]]
  ↳ bin/rails:9
  [1m[35m (0.2ms)[0m  [1m[35mBEGIN[0m
  ↳ bin/rails:9
  [1m[36mActiveRecord::InternalMetadata Create (0.5ms)[0m  [1m[32mINSERT INTO "ar_internal_metadata" ("key", "value", "created_at", "updated_at") VALUES ($1, $2, $3, $4) RETURNING "key"[0m  [["key", "environment"], ["value", "development"], ["created_at", "2018-12-12 20:19:12.219188"], ["updated_at", "2018-12-12 20:19:12.219188"]]
  ↳ bin/rails:9
  [1m[35m (15.6ms)[0m  [1m[35mCOMMIT[0m
  ↳ bin/rails:9
  [1m[35m (0.4ms)[0m  [1m[34mSELECT pg_advisory_unlock(4762635147840476445)[0m
  ↳ bin/rails:9
  [1m[35m (0.4ms)[0m  [1m[34mSELECT "schema_migrations"."version" FROM "schema_migrations" ORDER BY "schema_migrations"."version" ASC[0m
  ↳ bin/rails:9
  [1m[35m (0.3ms)[0m  [1m[35mBEGIN[0m
  [1m[36mUser Exists (18.2ms)[0m  [1m[34mSELECT  1 AS one FROM "users" WHERE "users"."email" IS NULL LIMIT $1[0m  [["LIMIT", 1]]
  [1m[35m (26.9ms)[0m  [1m[31mROLLBACK[0m
  [1m[35m (0.2ms)[0m  [1m[35mBEGIN[0m
  [1m[36mUser Exists (0.5ms)[0m  [1m[34mSELECT  1 AS one FROM "users" WHERE "users"."email" IS NULL LIMIT $1[0m  [["LIMIT", 1]]
  [1m[35m (0.3ms)[0m  [1m[31mROLLBACK[0m
  [1m[35m (0.3ms)[0m  [1m[35mBEGIN[0m
  [1m[36mUser Exists (1.2ms)[0m  [1m[34mSELECT  1 AS one FROM "users" WHERE "users"."email" = $1 LIMIT $2[0m  [["email", "name@gmail.com"], ["LIMIT", 1]]
  [1m[36mUser Create (2.3ms)[0m  [1m[32mINSERT INTO "users" ("email", "created_at", "updated_at") VALUES ($1, $2, $3) RETURNING "id"[0m  [["email", "name@gmail.com"], ["created_at", "2018-12-12 20:28:38.919442"], ["updated_at", "2018-12-12 20:28:38.919442"]]
  [1m[35m (2.3ms)[0m  [1m[35mCOMMIT[0m
  [1m[35m (0.2ms)[0m  [1m[35mBEGIN[0m
  [1m[36mUser Exists (0.6ms)[0m  [1m[34mSELECT  1 AS one FROM "users" WHERE "users"."email" = $1 LIMIT $2[0m  [["email", "name@gmail.com"], ["LIMIT", 1]]
  [1m[35m (0.3ms)[0m  [1m[31mROLLBACK[0m
  [1m[35m (0.3ms)[0m  [1m[35mBEGIN[0m
  [1m[36mUser Exists (0.5ms)[0m  [1m[34mSELECT  1 AS one FROM "users" WHERE "users"."email" = $1 LIMIT $2[0m  [["email", "other@gmail.com"], ["LIMIT", 1]]
  [1m[36mUser Create (0.6ms)[0m  [1m[32mINSERT INTO "users" ("email", "created_at", "updated_at") VALUES ($1, $2, $3) RETURNING "id"[0m  [["email", "other@gmail.com"], ["created_at", "2018-12-12 20:29:12.334134"], ["updated_at", "2018-12-12 20:29:12.334134"]]
  [1m[35m (0.6ms)[0m  [1m[35mCOMMIT[0m
  [1m[36mUser Load (0.6ms)[0m  [1m[34mSELECT "users".* FROM "users"[0m
  [1m[35m (0.3ms)[0m  [1m[34mSELECT pg_try_advisory_lock(4762635147840476445)[0m
  ↳ bin/rails:9
  [1m[35m (1.2ms)[0m  [1m[34mSELECT "schema_migrations"."version" FROM "schema_migrations" ORDER BY "schema_migrations"."version" ASC[0m
  ↳ bin/rails:9
Migrating to CreateShortenedUrl (20181212203219)
  [1m[35m (0.3ms)[0m  [1m[35mBEGIN[0m
  ↳ bin/rails:9
  [1m[35m (41.1ms)[0m  [1m[35mCREATE TABLE "shortened_urls" ("id" bigserial primary key, "short_url" character varying NOT NULL, "long_url" character varying NOT NULL, "user_id" integer NOT NULL, "created_at" timestamp NOT NULL, "updated_at" timestamp NOT NULL)[0m
  ↳ db/migrate/20181212203219_create_shortened_url.rb:3
  [1m[35m (1.7ms)[0m  [1m[35mCREATE  INDEX  "index_shortened_urls_on_short_url" ON "shortened_urls"  ("short_url")[0m
  ↳ db/migrate/20181212203219_create_shortened_url.rb:10
  [1m[36mActiveRecord::SchemaMigration Create (0.5ms)[0m  [1m[32mINSERT INTO "schema_migrations" ("version") VALUES ($1) RETURNING "version"[0m  [["version", "20181212203219"]]
  ↳ bin/rails:9
  [1m[35m (0.7ms)[0m  [1m[35mCOMMIT[0m
  ↳ bin/rails:9
  [1m[36mActiveRecord::InternalMetadata Load (0.4ms)[0m  [1m[34mSELECT  "ar_internal_metadata".* FROM "ar_internal_metadata" WHERE "ar_internal_metadata"."key" = $1 LIMIT $2[0m  [["key", "environment"], ["LIMIT", 1]]
  ↳ bin/rails:9
  [1m[35m (0.3ms)[0m  [1m[35mBEGIN[0m
  ↳ bin/rails:9
  [1m[35m (0.2ms)[0m  [1m[35mCOMMIT[0m
  ↳ bin/rails:9
  [1m[35m (0.5ms)[0m  [1m[34mSELECT pg_advisory_unlock(4762635147840476445)[0m
  ↳ bin/rails:9
  [1m[35m (0.4ms)[0m  [1m[34mSELECT "schema_migrations"."version" FROM "schema_migrations" ORDER BY "schema_migrations"."version" ASC[0m
  ↳ bin/rails:9
  [1m[35m (17.8ms)[0m  [1m[34mSELECT "schema_migrations"."version" FROM "schema_migrations" ORDER BY "schema_migrations"."version" ASC[0m
  ↳ /Users/aa/.rbenv/versions/2.5.1/bin/annotate:23
  [1m[35m (1.2ms)[0m  [1m[34mSELECT "schema_migrations"."version" FROM "schema_migrations" ORDER BY "schema_migrations"."version" ASC[0m
  ↳ bin/rails:9
  [1m[35m (0.2ms)[0m  [1m[35mBEGIN[0m
  ↳ db/seeds.rb:9
  [1m[36mUser Exists (1.5ms)[0m  [1m[34mSELECT  1 AS one FROM "users" WHERE "users"."email" = $1 LIMIT $2[0m  [["email", "josh@email.com"], ["LIMIT", 1]]
  ↳ db/seeds.rb:9
  [1m[36mUser Create (0.8ms)[0m  [1m[32mINSERT INTO "users" ("email", "created_at", "updated_at") VALUES ($1, $2, $3) RETURNING "id"[0m  [["email", "josh@email.com"], ["created_at", "2018-12-12 21:05:20.693687"], ["updated_at", "2018-12-12 21:05:20.693687"]]
  ↳ db/seeds.rb:9
  [1m[35m (19.8ms)[0m  [1m[35mCOMMIT[0m
  ↳ db/seeds.rb:9
  [1m[35m (0.3ms)[0m  [1m[35mBEGIN[0m
  ↳ db/seeds.rb:10
  [1m[36mUser Exists (0.5ms)[0m  [1m[34mSELECT  1 AS one FROM "users" WHERE "users"."email" = $1 LIMIT $2[0m  [["email", "joe@email.com"], ["LIMIT", 1]]
  ↳ db/seeds.rb:10
  [1m[36mUser Create (0.5ms)[0m  [1m[32mINSERT INTO "users" ("email", "created_at", "updated_at") VALUES ($1, $2, $3) RETURNING "id"[0m  [["email", "joe@email.com"], ["created_at", "2018-12-12 21:05:20.718779"], ["updated_at", "2018-12-12 21:05:20.718779"]]
  ↳ db/seeds.rb:10
  [1m[35m (0.5ms)[0m  [1m[35mCOMMIT[0m
  ↳ db/seeds.rb:10
  [1m[35m (1.1ms)[0m  [1m[34mSELECT "schema_migrations"."version" FROM "schema_migrations" ORDER BY "schema_migrations"."version" ASC[0m
  ↳ bin/rails:9
  [1m[35m (0.2ms)[0m  [1m[35mBEGIN[0m
  ↳ db/seeds.rb:9
  [1m[36mUser Exists (1.0ms)[0m  [1m[34mSELECT  1 AS one FROM "users" WHERE "users"."email" = $1 LIMIT $2[0m  [["email", "josh@email.com"], ["LIMIT", 1]]
  ↳ db/seeds.rb:9
  [1m[35m (0.3ms)[0m  [1m[31mROLLBACK[0m
  ↳ db/seeds.rb:9
  [1m[36mUser Load (0.8ms)[0m  [1m[34mSELECT "users".* FROM "users"[0m
  [1m[36mShortenedUrl Load (18.6ms)[0m  [1m[34mSELECT "shortened_urls".* FROM "shortened_urls"[0m
  [1m[35m (1.5ms)[0m  [1m[34mSELECT "schema_migrations"."version" FROM "schema_migrations" ORDER BY "schema_migrations"."version" ASC[0m
  ↳ bin/rails:9
  [1m[36mUser Load (0.8ms)[0m  [1m[34mSELECT "users".* FROM "users"[0m
  ↳ db/seeds.rb:8
  [1m[35m (0.2ms)[0m  [1m[35mBEGIN[0m
  ↳ db/seeds.rb:8
  [1m[36mUser Destroy (0.6ms)[0m  [1m[31mDELETE FROM "users" WHERE "users"."id" = $1[0m  [["id", 1]]
  ↳ db/seeds.rb:8
  [1m[35m (15.0ms)[0m  [1m[35mCOMMIT[0m
  ↳ db/seeds.rb:8
  [1m[35m (0.3ms)[0m  [1m[35mBEGIN[0m
  ↳ db/seeds.rb:8
  [1m[36mUser Destroy (0.6ms)[0m  [1m[31mDELETE FROM "users" WHERE "users"."id" = $1[0m  [["id", 2]]
  ↳ db/seeds.rb:8
  [1m[35m (0.5ms)[0m  [1m[35mCOMMIT[0m
  ↳ db/seeds.rb:8
  [1m[35m (0.2ms)[0m  [1m[35mBEGIN[0m
  ↳ db/seeds.rb:8
  [1m[36mUser Destroy (0.4ms)[0m  [1m[31mDELETE FROM "users" WHERE "users"."id" = $1[0m  [["id", 3]]
  ↳ db/seeds.rb:8
  [1m[35m (0.5ms)[0m  [1m[35mCOMMIT[0m
  ↳ db/seeds.rb:8
  [1m[35m (0.1ms)[0m  [1m[35mBEGIN[0m
  ↳ db/seeds.rb:8
  [1m[36mUser Destroy (0.4ms)[0m  [1m[31mDELETE FROM "users" WHERE "users"."id" = $1[0m  [["id", 4]]
  ↳ db/seeds.rb:8
  [1m[35m (0.4ms)[0m  [1m[35mCOMMIT[0m
  ↳ db/seeds.rb:8
  [1m[36mShortenedUrl Load (0.7ms)[0m  [1m[34mSELECT "shortened_urls".* FROM "shortened_urls"[0m
  ↳ db/seeds.rb:9
  [1m[35m (0.1ms)[0m  [1m[35mBEGIN[0m
  ↳ db/seeds.rb:11
  [1m[36mUser Exists (0.7ms)[0m  [1m[34mSELECT  1 AS one FROM "users" WHERE "users"."email" = $1 LIMIT $2[0m  [["email", "josh@email.com"], ["LIMIT", 1]]
  ↳ db/seeds.rb:11
  [1m[36mUser Create (0.5ms)[0m  [1m[32mINSERT INTO "users" ("email", "created_at", "updated_at") VALUES ($1, $2, $3) RETURNING "id"[0m  [["email", "josh@email.com"], ["created_at", "2018-12-12 21:08:02.174480"], ["updated_at", "2018-12-12 21:08:02.174480"]]
  ↳ db/seeds.rb:11
  [1m[35m (0.6ms)[0m  [1m[35mCOMMIT[0m
  ↳ db/seeds.rb:11
  [1m[35m (0.2ms)[0m  [1m[35mBEGIN[0m
  ↳ db/seeds.rb:12
  [1m[36mUser Exists (0.6ms)[0m  [1m[34mSELECT  1 AS one FROM "users" WHERE "users"."email" = $1 LIMIT $2[0m  [["email", "joe@email.com"], ["LIMIT", 1]]
  ↳ db/seeds.rb:12
  [1m[36mUser Create (0.5ms)[0m  [1m[32mINSERT INTO "users" ("email", "created_at", "updated_at") VALUES ($1, $2, $3) RETURNING "id"[0m  [["email", "joe@email.com"], ["created_at", "2018-12-12 21:08:02.179244"], ["updated_at", "2018-12-12 21:08:02.179244"]]
  ↳ db/seeds.rb:12
  [1m[35m (0.5ms)[0m  [1m[35mCOMMIT[0m
  ↳ db/seeds.rb:12
  [1m[35m (0.2ms)[0m  [1m[35mBEGIN[0m
  ↳ db/seeds.rb:14
  [1m[36mShortenedUrl Exists (0.4ms)[0m  [1m[34mSELECT  1 AS one FROM "shortened_urls" WHERE "shortened_urls"."short_url" = $1 LIMIT $2[0m  [["short_url", "http://abcde."], ["LIMIT", 1]]
  ↳ db/seeds.rb:14
  [1m[36mShortenedUrl Exists (0.3ms)[0m  [1m[34mSELECT  1 AS one FROM "shortened_urls" WHERE "shortened_urls"."long_url" = $1 LIMIT $2[0m  [["long_url", "http://now.is.the.time.or.all.goodmeantocometotheaid_oftyheirparty.com"], ["LIMIT", 1]]
  ↳ db/seeds.rb:14
  [1m[35m (0.3ms)[0m  [1m[31mROLLBACK[0m
  ↳ db/seeds.rb:14
  [1m[35m (1.1ms)[0m  [1m[34mSELECT "schema_migrations"."version" FROM "schema_migrations" ORDER BY "schema_migrations"."version" ASC[0m
  ↳ bin/rails:9
  [1m[36mUser Load (0.8ms)[0m  [1m[34mSELECT "users".* FROM "users"[0m
  ↳ db/seeds.rb:8
  [1m[35m (0.2ms)[0m  [1m[35mBEGIN[0m
  ↳ db/seeds.rb:8
  [1m[36mUser Destroy (0.7ms)[0m  [1m[31mDELETE FROM "users" WHERE "users"."id" = $1[0m  [["id", 5]]
  ↳ db/seeds.rb:8
  [1m[35m (15.9ms)[0m  [1m[35mCOMMIT[0m
  ↳ db/seeds.rb:8
  [1m[35m (0.3ms)[0m  [1m[35mBEGIN[0m
  ↳ db/seeds.rb:8
  [1m[36mUser Destroy (0.6ms)[0m  [1m[31mDELETE FROM "users" WHERE "users"."id" = $1[0m  [["id", 6]]
  ↳ db/seeds.rb:8
  [1m[35m (0.5ms)[0m  [1m[35mCOMMIT[0m
  ↳ db/seeds.rb:8
  [1m[36mShortenedUrl Load (0.8ms)[0m  [1m[34mSELECT "shortened_urls".* FROM "shortened_urls"[0m
  ↳ db/seeds.rb:9
  [1m[35m (0.1ms)[0m  [1m[35mBEGIN[0m
  ↳ db/seeds.rb:11
  [1m[36mUser Exists (0.7ms)[0m  [1m[34mSELECT  1 AS one FROM "users" WHERE "users"."email" = $1 LIMIT $2[0m  [["email", "josh@email.com"], ["LIMIT", 1]]
  ↳ db/seeds.rb:11
  [1m[36mUser Create (0.6ms)[0m  [1m[32mINSERT INTO "users" ("email", "created_at", "updated_at") VALUES ($1, $2, $3) RETURNING "id"[0m  [["email", "josh@email.com"], ["created_at", "2018-12-12 21:08:56.346217"], ["updated_at", "2018-12-12 21:08:56.346217"]]
  ↳ db/seeds.rb:11
  [1m[35m (0.5ms)[0m  [1m[35mCOMMIT[0m
  ↳ db/seeds.rb:11
  [1m[35m (0.1ms)[0m  [1m[35mBEGIN[0m
  ↳ db/seeds.rb:12
  [1m[36mUser Exists (0.4ms)[0m  [1m[34mSELECT  1 AS one FROM "users" WHERE "users"."email" = $1 LIMIT $2[0m  [["email", "joe@email.com"], ["LIMIT", 1]]
  ↳ db/seeds.rb:12
  [1m[36mUser Create (0.4ms)[0m  [1m[32mINSERT INTO "users" ("email", "created_at", "updated_at") VALUES ($1, $2, $3) RETURNING "id"[0m  [["email", "joe@email.com"], ["created_at", "2018-12-12 21:08:56.350013"], ["updated_at", "2018-12-12 21:08:56.350013"]]
  ↳ db/seeds.rb:12
  [1m[35m (0.5ms)[0m  [1m[35mCOMMIT[0m
  ↳ db/seeds.rb:12
  [1m[35m (0.2ms)[0m  [1m[35mBEGIN[0m
  ↳ db/seeds.rb:14
  [1m[36mShortenedUrl Exists (0.4ms)[0m  [1m[34mSELECT  1 AS one FROM "shortened_urls" WHERE "shortened_urls"."short_url" = $1 LIMIT $2[0m  [["short_url", "http://abcde."], ["LIMIT", 1]]
  ↳ db/seeds.rb:14
  [1m[36mShortenedUrl Exists (0.3ms)[0m  [1m[34mSELECT  1 AS one FROM "shortened_urls" WHERE "shortened_urls"."long_url" = $1 LIMIT $2[0m  [["long_url", "http://now.is.the.time.or.all.goodmeantocometotheaid_oftyheirparty.com"], ["LIMIT", 1]]
  ↳ db/seeds.rb:14
  [1m[36mUser Load (0.4ms)[0m  [1m[34mSELECT  "users".* FROM "users" WHERE "users"."id" = $1 LIMIT $2[0m  [["id", 7], ["LIMIT", 1]]
  ↳ db/seeds.rb:14
  [1m[36mShortenedUrl Create (1.0ms)[0m  [1m[32mINSERT INTO "shortened_urls" ("short_url", "long_url", "user_id", "created_at", "updated_at") VALUES ($1, $2, $3, $4, $5) RETURNING "id"[0m  [["short_url", "http://abcde."], ["long_url", "http://now.is.the.time.or.all.goodmeantocometotheaid_oftyheirparty.com"], ["user_id", 7], ["created_at", "2018-12-12 21:08:56.408854"], ["updated_at", "2018-12-12 21:08:56.408854"]]
  ↳ db/seeds.rb:14
  [1m[35m (0.4ms)[0m  [1m[35mCOMMIT[0m
  ↳ db/seeds.rb:14
  [1m[35m (0.2ms)[0m  [1m[35mBEGIN[0m
  ↳ db/seeds.rb:15
  [1m[36mShortenedUrl Exists (0.4ms)[0m  [1m[34mSELECT  1 AS one FROM "shortened_urls" WHERE "shortened_urls"."short_url" = $1 LIMIT $2[0m  [["short_url", "http://zyxwtuv."], ["LIMIT", 1]]
  ↳ db/seeds.rb:15
  [1m[36mShortenedUrl Exists (0.3ms)[0m  [1m[34mSELECT  1 AS one FROM "shortened_urls" WHERE "shortened_urls"."long_url" = $1 LIMIT $2[0m  [["long_url", "http://nthequickbrownfoxjumpsoverthelazydog.com"], ["LIMIT", 1]]
  ↳ db/seeds.rb:15
  [1m[36mUser Load (0.4ms)[0m  [1m[34mSELECT  "users".* FROM "users" WHERE "users"."id" = $1 LIMIT $2[0m  [["id", 8], ["LIMIT", 1]]
  ↳ db/seeds.rb:15
  [1m[36mShortenedUrl Create (0.4ms)[0m  [1m[32mINSERT INTO "shortened_urls" ("short_url", "long_url", "user_id", "created_at", "updated_at") VALUES ($1, $2, $3, $4, $5) RETURNING "id"[0m  [["short_url", "http://zyxwtuv."], ["long_url", "http://nthequickbrownfoxjumpsoverthelazydog.com"], ["user_id", 8], ["created_at", "2018-12-12 21:08:56.415792"], ["updated_at", "2018-12-12 21:08:56.415792"]]
  ↳ db/seeds.rb:15
  [1m[35m (0.5ms)[0m  [1m[35mCOMMIT[0m
  ↳ db/seeds.rb:15
  [1m[35m (0.2ms)[0m  [1m[35mBEGIN[0m
  [1m[36mUser Exists (1.5ms)[0m  [1m[34mSELECT  1 AS one FROM "users" WHERE "users"."email" = $1 LIMIT $2[0m  [["email", "josh@email.com"], ["LIMIT", 1]]
  [1m[35m (0.3ms)[0m  [1m[31mROLLBACK[0m
  [1m[36mUser Load (0.7ms)[0m  [1m[34mSELECT "users".* FROM "users"[0m
  [1m[36mUser Load (0.5ms)[0m  [1m[34mSELECT  "users".* FROM "users" ORDER BY "users"."id" ASC LIMIT $1[0m  [["LIMIT", 1]]
  [1m[36mShortenedUrl Exists (1.0ms)[0m  [1m[34mSELECT  1 AS one FROM "shortened_urls" WHERE "shortened_urls"."short_url" = $1 LIMIT $2[0m  [["short_url", "sdDIjooHVkZgP2m9kSq1NQ"], ["LIMIT", 1]]
  [1m[35m (0.2ms)[0m  [1m[35mBEGIN[0m
  [1m[36mShortenedUrl Exists (0.5ms)[0m  [1m[34mSELECT  1 AS one FROM "shortened_urls" WHERE "shortened_urls"."short_url" = $1 LIMIT $2[0m  [["short_url", "sdDIjooHVkZgP2m9kSq1NQ"], ["LIMIT", 1]]
  [1m[36mShortenedUrl Exists (0.4ms)[0m  [1m[34mSELECT  1 AS one FROM "shortened_urls" WHERE "shortened_urls"."long_url" = $1 LIMIT $2[0m  [["long_url", "this is a loooooooong URL"], ["LIMIT", 1]]
  [1m[36mUser Load (0.5ms)[0m  [1m[34mSELECT  "users".* FROM "users" WHERE "users"."id" = $1 LIMIT $2[0m  [["id", 7], ["LIMIT", 1]]
  [1m[36mShortenedUrl Create (0.8ms)[0m  [1m[32mINSERT INTO "shortened_urls" ("short_url", "long_url", "user_id", "created_at", "updated_at") VALUES ($1, $2, $3, $4, $5) RETURNING "id"[0m  [["short_url", "sdDIjooHVkZgP2m9kSq1NQ"], ["long_url", "this is a loooooooong URL"], ["user_id", 7], ["created_at", "2018-12-12 21:23:02.056760"], ["updated_at", "2018-12-12 21:23:02.056760"]]
  [1m[35m (15.7ms)[0m  [1m[35mCOMMIT[0m
  [1m[36mShortenedUrl Load (0.6ms)[0m  [1m[34mSELECT "shortened_urls".* FROM "shortened_urls"[0m
  [1m[36mUser Load (0.7ms)[0m  [1m[34mSELECT  "users".* FROM "users" ORDER BY "users"."id" ASC LIMIT $1[0m  [["LIMIT", 1]]
  [1m[36mShortenedUrl Load (0.7ms)[0m  [1m[34mSELECT "shortened_urls".* FROM "shortened_urls" WHERE "shortened_urls"."user_id" = $1[0m  [["user_id", 7]]
  [1m[36mShortenedUrl Load (0.5ms)[0m  [1m[34mSELECT  "shortened_urls".* FROM "shortened_urls" ORDER BY "shortened_urls"."id" ASC LIMIT $1[0m  [["LIMIT", 1]]
  [1m[36mUser Load (0.5ms)[0m  [1m[34mSELECT  "users".* FROM "users" WHERE "users"."id" = $1 LIMIT $2[0m  [["id", 7], ["LIMIT", 1]]
  [1m[35m (17.4ms)[0m  [1m[34mSELECT "schema_migrations"."version" FROM "schema_migrations" ORDER BY "schema_migrations"."version" ASC[0m
  ↳ bin/rails:9
  [1m[36mUser Load (1.0ms)[0m  [1m[34mSELECT "users".* FROM "users"[0m
  ↳ db/seeds.rb:8
  [1m[35m (0.2ms)[0m  [1m[35mBEGIN[0m
  ↳ db/seeds.rb:8
  [1m[36mUser Destroy (0.6ms)[0m  [1m[31mDELETE FROM "users" WHERE "users"."id" = $1[0m  [["id", 7]]
  ↳ db/seeds.rb:8
  [1m[35m (15.1ms)[0m  [1m[35mCOMMIT[0m
  ↳ db/seeds.rb:8
  [1m[35m (0.3ms)[0m  [1m[35mBEGIN[0m
  ↳ db/seeds.rb:8
  [1m[36mUser Destroy (0.6ms)[0m  [1m[31mDELETE FROM "users" WHERE "users"."id" = $1[0m  [["id", 8]]
  ↳ db/seeds.rb:8
  [1m[35m (0.5ms)[0m  [1m[35mCOMMIT[0m
  ↳ db/seeds.rb:8
  [1m[36mShortenedUrl Load (0.8ms)[0m  [1m[34mSELECT "shortened_urls".* FROM "shortened_urls"[0m
  ↳ db/seeds.rb:9
  [1m[35m (0.2ms)[0m  [1m[35mBEGIN[0m
  ↳ db/seeds.rb:9
  [1m[36mShortenedUrl Destroy (0.4ms)[0m  [1m[31mDELETE FROM "shortened_urls" WHERE "shortened_urls"."id" = $1[0m  [["id", 1]]
  ↳ db/seeds.rb:9
  [1m[35m (0.5ms)[0m  [1m[35mCOMMIT[0m
  ↳ db/seeds.rb:9
  [1m[35m (0.1ms)[0m  [1m[35mBEGIN[0m
  ↳ db/seeds.rb:9
  [1m[36mShortenedUrl Destroy (0.3ms)[0m  [1m[31mDELETE FROM "shortened_urls" WHERE "shortened_urls"."id" = $1[0m  [["id", 2]]
  ↳ db/seeds.rb:9
  [1m[35m (0.4ms)[0m  [1m[35mCOMMIT[0m
  ↳ db/seeds.rb:9
  [1m[35m (0.1ms)[0m  [1m[35mBEGIN[0m
  ↳ db/seeds.rb:9
  [1m[36mShortenedUrl Destroy (0.3ms)[0m  [1m[31mDELETE FROM "shortened_urls" WHERE "shortened_urls"."id" = $1[0m  [["id", 3]]
  ↳ db/seeds.rb:9
  [1m[35m (0.4ms)[0m  [1m[35mCOMMIT[0m
  ↳ db/seeds.rb:9
  [1m[35m (0.2ms)[0m  [1m[35mBEGIN[0m
  ↳ db/seeds.rb:11
  [1m[36mUser Exists (0.7ms)[0m  [1m[34mSELECT  1 AS one FROM "users" WHERE "users"."email" = $1 LIMIT $2[0m  [["email", "josh@email.com"], ["LIMIT", 1]]
  ↳ db/seeds.rb:11
  [1m[36mUser Create (0.6ms)[0m  [1m[32mINSERT INTO "users" ("email", "created_at", "updated_at") VALUES ($1, $2, $3) RETURNING "id"[0m  [["email", "josh@email.com"], ["created_at", "2018-12-12 21:28:00.835771"], ["updated_at", "2018-12-12 21:28:00.835771"]]
  ↳ db/seeds.rb:11
  [1m[35m (0.5ms)[0m  [1m[35mCOMMIT[0m
  ↳ db/seeds.rb:11
  [1m[35m (0.1ms)[0m  [1m[35mBEGIN[0m
  ↳ db/seeds.rb:12
  [1m[36mUser Exists (0.4ms)[0m  [1m[34mSELECT  1 AS one FROM "users" WHERE "users"."email" = $1 LIMIT $2[0m  [["email", "joe@email.com"], ["LIMIT", 1]]
  ↳ db/seeds.rb:12
  [1m[36mUser Create (0.4ms)[0m  [1m[32mINSERT INTO "users" ("email", "created_at", "updated_at") VALUES ($1, $2, $3) RETURNING "id"[0m  [["email", "joe@email.com"], ["created_at", "2018-12-12 21:28:00.839581"], ["updated_at", "2018-12-12 21:28:00.839581"]]
  ↳ db/seeds.rb:12
  [1m[35m (0.4ms)[0m  [1m[35mCOMMIT[0m
  ↳ db/seeds.rb:12
  [1m[36mShortenedUrl Exists (0.4ms)[0m  [1m[34mSELECT  1 AS one FROM "shortened_urls" WHERE "shortened_urls"."short_url" = $1 LIMIT $2[0m  [["short_url", "VENOIgEtea-GTX4TOIuptw"], ["LIMIT", 1]]
  ↳ app/models/shortened_url.rb:25
  [1m[35m (0.1ms)[0m  [1m[35mBEGIN[0m
  ↳ app/models/shortened_url.rb:32
  [1m[36mShortenedUrl Exists (0.3ms)[0m  [1m[34mSELECT  1 AS one FROM "shortened_urls" WHERE "shortened_urls"."short_url" = $1 LIMIT $2[0m  [["short_url", "VENOIgEtea-GTX4TOIuptw"], ["LIMIT", 1]]
  ↳ app/models/shortened_url.rb:32
  [1m[36mShortenedUrl Exists (0.3ms)[0m  [1m[34mSELECT  1 AS one FROM "shortened_urls" WHERE "shortened_urls"."long_url" = $1 LIMIT $2[0m  [["long_url", "THISISAVERYLONGURLTHISISAVEYLONGURLITSUREIS"], ["LIMIT", 1]]
  ↳ app/models/shortened_url.rb:32
  [1m[36mUser Load (0.6ms)[0m  [1m[34mSELECT  "users".* FROM "users" WHERE "users"."id" = $1 LIMIT $2[0m  [["id", 9], ["LIMIT", 1]]
  ↳ app/models/shortened_url.rb:32
  [1m[36mShortenedUrl Create (0.7ms)[0m  [1m[32mINSERT INTO "shortened_urls" ("short_url", "long_url", "user_id", "created_at", "updated_at") VALUES ($1, $2, $3, $4, $5) RETURNING "id"[0m  [["short_url", "VENOIgEtea-GTX4TOIuptw"], ["long_url", "THISISAVERYLONGURLTHISISAVEYLONGURLITSUREIS"], ["user_id", 9], ["created_at", "2018-12-12 21:28:00.850226"], ["updated_at", "2018-12-12 21:28:00.850226"]]
  ↳ app/models/shortened_url.rb:32
  [1m[35m (0.5ms)[0m  [1m[35mCOMMIT[0m
  ↳ app/models/shortened_url.rb:32
  [1m[36mShortenedUrl Exists (0.5ms)[0m  [1m[34mSELECT  1 AS one FROM "shortened_urls" WHERE "shortened_urls"."short_url" = $1 LIMIT $2[0m  [["short_url", "7c4U8U1aXS_mhlGB2sNKJg"], ["LIMIT", 1]]
  ↳ app/models/shortened_url.rb:25
  [1m[35m (0.1ms)[0m  [1m[35mBEGIN[0m
  ↳ app/models/shortened_url.rb:32
  [1m[36mShortenedUrl Exists (0.4ms)[0m  [1m[34mSELECT  1 AS one FROM "shortened_urls" WHERE "shortened_urls"."short_url" = $1 LIMIT $2[0m  [["short_url", "7c4U8U1aXS_mhlGB2sNKJg"], ["LIMIT", 1]]
  ↳ app/models/shortened_url.rb:32
  [1m[36mShortenedUrl Exists (0.3ms)[0m  [1m[34mSELECT  1 AS one FROM "shortened_urls" WHERE "shortened_urls"."long_url" = $1 LIMIT $2[0m  [["long_url", "LORUSIPSUMIDONTREMBMEBERTHERESTOFTHELATIN"], ["LIMIT", 1]]
  ↳ app/models/shortened_url.rb:32
  [1m[36mUser Load (0.4ms)[0m  [1m[34mSELECT  "users".* FROM "users" WHERE "users"."id" = $1 LIMIT $2[0m  [["id", 10], ["LIMIT", 1]]
  ↳ app/models/shortened_url.rb:32
  [1m[36mShortenedUrl Create (0.4ms)[0m  [1m[32mINSERT INTO "shortened_urls" ("short_url", "long_url", "user_id", "created_at", "updated_at") VALUES ($1, $2, $3, $4, $5) RETURNING "id"[0m  [["short_url", "7c4U8U1aXS_mhlGB2sNKJg"], ["long_url", "LORUSIPSUMIDONTREMBMEBERTHERESTOFTHELATIN"], ["user_id", 10], ["created_at", "2018-12-12 21:28:00.857385"], ["updated_at", "2018-12-12 21:28:00.857385"]]
  ↳ app/models/shortened_url.rb:32
  [1m[35m (0.5ms)[0m  [1m[35mCOMMIT[0m
  ↳ app/models/shortened_url.rb:32
  [1m[36mShortenedUrl Load (1.0ms)[0m  [1m[34mSELECT "shortened_urls".* FROM "shortened_urls"[0m
  [1m[36mUser Load (0.8ms)[0m  [1m[34mSELECT "users".* FROM "users"[0m
  [1m[36mShortenedUrl Load (1.0ms)[0m  [1m[34mSELECT "shortened_urls".* FROM "shortened_urls"[0m
  [1m[36mUser Load (0.6ms)[0m  [1m[34mSELECT  "users".* FROM "users" ORDER BY "users"."id" ASC LIMIT $1[0m  [["LIMIT", 1]]
  [1m[35m (1.2ms)[0m  [1m[34mSELECT "schema_migrations"."version" FROM "schema_migrations" ORDER BY "schema_migrations"."version" ASC[0m
  ↳ bin/rails:9
  [1m[36mUser Load (0.8ms)[0m  [1m[34mSELECT "users".* FROM "users"[0m
  ↳ db/seeds.rb:8
  [1m[35m (0.2ms)[0m  [1m[35mBEGIN[0m
  ↳ db/seeds.rb:8
  [1m[36mUser Destroy (0.6ms)[0m  [1m[31mDELETE FROM "users" WHERE "users"."id" = $1[0m  [["id", 9]]
  ↳ db/seeds.rb:8
  [1m[35m (39.1ms)[0m  [1m[35mCOMMIT[0m
  ↳ db/seeds.rb:8
  [1m[35m (0.3ms)[0m  [1m[35mBEGIN[0m
  ↳ db/seeds.rb:8
  [1m[36mUser Destroy (0.5ms)[0m  [1m[31mDELETE FROM "users" WHERE "users"."id" = $1[0m  [["id", 10]]
  ↳ db/seeds.rb:8
  [1m[35m (29.1ms)[0m  [1m[35mCOMMIT[0m
  ↳ db/seeds.rb:8
  [1m[36mShortenedUrl Load (0.9ms)[0m  [1m[34mSELECT "shortened_urls".* FROM "shortened_urls"[0m
  ↳ db/seeds.rb:9
  [1m[35m (0.2ms)[0m  [1m[35mBEGIN[0m
  ↳ db/seeds.rb:9
  [1m[36mShortenedUrl Destroy (0.4ms)[0m  [1m[31mDELETE FROM "shortened_urls" WHERE "shortened_urls"."id" = $1[0m  [["id", 4]]
  ↳ db/seeds.rb:9
  [1m[35m (69.6ms)[0m  [1m[35mCOMMIT[0m
  ↳ db/seeds.rb:9
  [1m[35m (0.2ms)[0m  [1m[35mBEGIN[0m
  ↳ db/seeds.rb:9
  [1m[36mShortenedUrl Destroy (0.5ms)[0m  [1m[31mDELETE FROM "shortened_urls" WHERE "shortened_urls"."id" = $1[0m  [["id", 5]]
  ↳ db/seeds.rb:9
  [1m[35m (63.9ms)[0m  [1m[35mCOMMIT[0m
  ↳ db/seeds.rb:9
  [1m[35m (0.2ms)[0m  [1m[35mBEGIN[0m
  ↳ db/seeds.rb:11
  [1m[36mUser Exists (0.9ms)[0m  [1m[34mSELECT  1 AS one FROM "users" WHERE "users"."email" = $1 LIMIT $2[0m  [["email", "josh@email.com"], ["LIMIT", 1]]
  ↳ db/seeds.rb:11
  [1m[36mUser Create (0.8ms)[0m  [1m[32mINSERT INTO "users" ("email", "created_at", "updated_at") VALUES ($1, $2, $3) RETURNING "id"[0m  [["email", "josh@email.com"], ["created_at", "2018-12-12 21:32:13.983861"], ["updated_at", "2018-12-12 21:32:13.983861"]]
  ↳ db/seeds.rb:11
  [1m[35m (0.5ms)[0m  [1m[35mCOMMIT[0m
  ↳ db/seeds.rb:11
  [1m[35m (0.1ms)[0m  [1m[35mBEGIN[0m
  ↳ db/seeds.rb:12
  [1m[36mUser Exists (0.5ms)[0m  [1m[34mSELECT  1 AS one FROM "users" WHERE "users"."email" = $1 LIMIT $2[0m  [["email", "joe@email.com"], ["LIMIT", 1]]
  ↳ db/seeds.rb:12
  [1m[36mUser Create (0.4ms)[0m  [1m[32mINSERT INTO "users" ("email", "created_at", "updated_at") VALUES ($1, $2, $3) RETURNING "id"[0m  [["email", "joe@email.com"], ["created_at", "2018-12-12 21:32:13.988275"], ["updated_at", "2018-12-12 21:32:13.988275"]]
  ↳ db/seeds.rb:12
  [1m[35m (0.4ms)[0m  [1m[35mCOMMIT[0m
  ↳ db/seeds.rb:12
  [1m[36mShortenedUrl Exists (0.5ms)[0m  [1m[34mSELECT  1 AS one FROM "shortened_urls" WHERE "shortened_urls"."short_url" = $1 LIMIT $2[0m  [["short_url", "5KyAKFW55JkHtjtMYufN1g"], ["LIMIT", 1]]
  ↳ app/models/shortened_url.rb:25
  [1m[35m (0.1ms)[0m  [1m[35mBEGIN[0m
  ↳ app/models/shortened_url.rb:32
  [1m[36mShortenedUrl Exists (0.4ms)[0m  [1m[34mSELECT  1 AS one FROM "shortened_urls" WHERE "shortened_urls"."short_url" = $1 LIMIT $2[0m  [["short_url", "5KyAKFW55JkHtjtMYufN1g"], ["LIMIT", 1]]
  ↳ app/models/shortened_url.rb:32
  [1m[36mShortenedUrl Exists (0.4ms)[0m  [1m[34mSELECT  1 AS one FROM "shortened_urls" WHERE "shortened_urls"."long_url" = $1 LIMIT $2[0m  [["long_url", "THISISAVERYLONGURLTHISISAVEYLONGURLITSUREIS"], ["LIMIT", 1]]
  ↳ app/models/shortened_url.rb:32
  [1m[36mUser Load (0.4ms)[0m  [1m[34mSELECT  "users".* FROM "users" WHERE "users"."id" = $1 LIMIT $2[0m  [["id", 11], ["LIMIT", 1]]
  ↳ app/models/shortened_url.rb:32
  [1m[36mShortenedUrl Create (0.7ms)[0m  [1m[32mINSERT INTO "shortened_urls" ("short_url", "long_url", "user_id", "created_at", "updated_at") VALUES ($1, $2, $3, $4, $5) RETURNING "id"[0m  [["short_url", "5KyAKFW55JkHtjtMYufN1g"], ["long_url", "THISISAVERYLONGURLTHISISAVEYLONGURLITSUREIS"], ["user_id", 11], ["created_at", "2018-12-12 21:32:14.065334"], ["updated_at", "2018-12-12 21:32:14.065334"]]
  ↳ app/models/shortened_url.rb:32
  [1m[35m (15.9ms)[0m  [1m[35mCOMMIT[0m
  ↳ app/models/shortened_url.rb:32
  [1m[36mShortenedUrl Exists (0.8ms)[0m  [1m[34mSELECT  1 AS one FROM "shortened_urls" WHERE "shortened_urls"."short_url" = $1 LIMIT $2[0m  [["short_url", "hcx78DPWRQ9cm9_bOmMZXQ"], ["LIMIT", 1]]
  ↳ app/models/shortened_url.rb:25
  [1m[35m (0.2ms)[0m  [1m[35mBEGIN[0m
  ↳ app/models/shortened_url.rb:32
  [1m[36mShortenedUrl Exists (0.4ms)[0m  [1m[34mSELECT  1 AS one FROM "shortened_urls" WHERE "shortened_urls"."short_url" = $1 LIMIT $2[0m  [["short_url", "hcx78DPWRQ9cm9_bOmMZXQ"], ["LIMIT", 1]]
  ↳ app/models/shortened_url.rb:32
  [1m[36mShortenedUrl Exists (0.3ms)[0m  [1m[34mSELECT  1 AS one FROM "shortened_urls" WHERE "shortened_urls"."long_url" = $1 LIMIT $2[0m  [["long_url", "LORUSIPSUMIDONTREMBMEBERTHERESTOFTHELATIN"], ["LIMIT", 1]]
  ↳ app/models/shortened_url.rb:32
  [1m[36mUser Load (0.4ms)[0m  [1m[34mSELECT  "users".* FROM "users" WHERE "users"."id" = $1 LIMIT $2[0m  [["id", 12], ["LIMIT", 1]]
  ↳ app/models/shortened_url.rb:32
  [1m[36mShortenedUrl Create (0.5ms)[0m  [1m[32mINSERT INTO "shortened_urls" ("short_url", "long_url", "user_id", "created_at", "updated_at") VALUES ($1, $2, $3, $4, $5) RETURNING "id"[0m  [["short_url", "hcx78DPWRQ9cm9_bOmMZXQ"], ["long_url", "LORUSIPSUMIDONTREMBMEBERTHERESTOFTHELATIN"], ["user_id", 12], ["created_at", "2018-12-12 21:32:14.089789"], ["updated_at", "2018-12-12 21:32:14.089789"]]
  ↳ app/models/shortened_url.rb:32
  [1m[35m (0.7ms)[0m  [1m[35mCOMMIT[0m
  ↳ app/models/shortened_url.rb:32
  [1m[36mUser Load (0.3ms)[0m  [1m[34mSELECT  "users".* FROM "users" ORDER BY "users"."id" ASC LIMIT $1[0m  [["LIMIT", 1]]
  ↳ db/seeds.rb:17
  [1m[35m (1.0ms)[0m  [1m[34mSELECT "schema_migrations"."version" FROM "schema_migrations" ORDER BY "schema_migrations"."version" ASC[0m
  ↳ bin/rails:9
  [1m[36mUser Load (0.8ms)[0m  [1m[34mSELECT "users".* FROM "users"[0m
  ↳ db/seeds.rb:8
  [1m[35m (0.2ms)[0m  [1m[35mBEGIN[0m
  ↳ db/seeds.rb:8
  [1m[36mUser Destroy (0.6ms)[0m  [1m[31mDELETE FROM "users" WHERE "users"."id" = $1[0m  [["id", 11]]
  ↳ db/seeds.rb:8
  [1m[35m (15.8ms)[0m  [1m[35mCOMMIT[0m
  ↳ db/seeds.rb:8
  [1m[35m (0.3ms)[0m  [1m[35mBEGIN[0m
  ↳ db/seeds.rb:8
  [1m[36mUser Destroy (0.6ms)[0m  [1m[31mDELETE FROM "users" WHERE "users"."id" = $1[0m  [["id", 12]]
  ↳ db/seeds.rb:8
  [1m[35m (0.6ms)[0m  [1m[35mCOMMIT[0m
  ↳ db/seeds.rb:8
  [1m[36mShortenedUrl Load (0.8ms)[0m  [1m[34mSELECT "shortened_urls".* FROM "shortened_urls"[0m
  ↳ db/seeds.rb:9
  [1m[35m (0.2ms)[0m  [1m[35mBEGIN[0m
  ↳ db/seeds.rb:9
  [1m[36mShortenedUrl Destroy (0.4ms)[0m  [1m[31mDELETE FROM "shortened_urls" WHERE "shortened_urls"."id" = $1[0m  [["id", 6]]
  ↳ db/seeds.rb:9
  [1m[35m (0.6ms)[0m  [1m[35mCOMMIT[0m
  ↳ db/seeds.rb:9
  [1m[35m (0.2ms)[0m  [1m[35mBEGIN[0m
  ↳ db/seeds.rb:9
  [1m[36mShortenedUrl Destroy (0.5ms)[0m  [1m[31mDELETE FROM "shortened_urls" WHERE "shortened_urls"."id" = $1[0m  [["id", 7]]
  ↳ db/seeds.rb:9
  [1m[35m (0.5ms)[0m  [1m[35mCOMMIT[0m
  ↳ db/seeds.rb:9
  [1m[35m (0.2ms)[0m  [1m[35mBEGIN[0m
  ↳ db/seeds.rb:11
  [1m[36mUser Exists (0.8ms)[0m  [1m[34mSELECT  1 AS one FROM "users" WHERE "users"."email" = $1 LIMIT $2[0m  [["email", "josh@email.com"], ["LIMIT", 1]]
  ↳ db/seeds.rb:11
  [1m[36mUser Create (0.6ms)[0m  [1m[32mINSERT INTO "users" ("email", "created_at", "updated_at") VALUES ($1, $2, $3) RETURNING "id"[0m  [["email", "josh@email.com"], ["created_at", "2018-12-12 21:32:32.803133"], ["updated_at", "2018-12-12 21:32:32.803133"]]
  ↳ db/seeds.rb:11
  [1m[35m (0.5ms)[0m  [1m[35mCOMMIT[0m
  ↳ db/seeds.rb:11
  [1m[35m (0.1ms)[0m  [1m[35mBEGIN[0m
  ↳ db/seeds.rb:12
  [1m[36mUser Exists (0.4ms)[0m  [1m[34mSELECT  1 AS one FROM "users" WHERE "users"."email" = $1 LIMIT $2[0m  [["email", "joe@email.com"], ["LIMIT", 1]]
  ↳ db/seeds.rb:12
  [1m[36mUser Create (0.4ms)[0m  [1m[32mINSERT INTO "users" ("email", "created_at", "updated_at") VALUES ($1, $2, $3) RETURNING "id"[0m  [["email", "joe@email.com"], ["created_at", "2018-12-12 21:32:32.807085"], ["updated_at", "2018-12-12 21:32:32.807085"]]
  ↳ db/seeds.rb:12
  [1m[35m (0.5ms)[0m  [1m[35mCOMMIT[0m
  ↳ db/seeds.rb:12
  [1m[36mShortenedUrl Exists (0.4ms)[0m  [1m[34mSELECT  1 AS one FROM "shortened_urls" WHERE "shortened_urls"."short_url" = $1 LIMIT $2[0m  [["short_url", "uaD1cynCP75gsp3XadJq9g"], ["LIMIT", 1]]
  ↳ app/models/shortened_url.rb:25
  [1m[35m (0.1ms)[0m  [1m[35mBEGIN[0m
  ↳ app/models/shortened_url.rb:32
  [1m[36mShortenedUrl Exists (0.4ms)[0m  [1m[34mSELECT  1 AS one FROM "shortened_urls" WHERE "shortened_urls"."short_url" = $1 LIMIT $2[0m  [["short_url", "uaD1cynCP75gsp3XadJq9g"], ["LIMIT", 1]]
  ↳ app/models/shortened_url.rb:32
  [1m[36mShortenedUrl Exists (0.3ms)[0m  [1m[34mSELECT  1 AS one FROM "shortened_urls" WHERE "shortened_urls"."long_url" = $1 LIMIT $2[0m  [["long_url", "THISISAVERYLONGURLTHISISAVEYLONGURLITSUREIS"], ["LIMIT", 1]]
  ↳ app/models/shortened_url.rb:32
  [1m[36mUser Load (0.3ms)[0m  [1m[34mSELECT  "users".* FROM "users" WHERE "users"."id" = $1 LIMIT $2[0m  [["id", 13], ["LIMIT", 1]]
  ↳ app/models/shortened_url.rb:32
  [1m[36mShortenedUrl Create (0.5ms)[0m  [1m[32mINSERT INTO "shortened_urls" ("short_url", "long_url", "user_id", "created_at", "updated_at") VALUES ($1, $2, $3, $4, $5) RETURNING "id"[0m  [["short_url", "uaD1cynCP75gsp3XadJq9g"], ["long_url", "THISISAVERYLONGURLTHISISAVEYLONGURLITSUREIS"], ["user_id", 13], ["created_at", "2018-12-12 21:32:32.818067"], ["updated_at", "2018-12-12 21:32:32.818067"]]
  ↳ app/models/shortened_url.rb:32
  [1m[35m (0.5ms)[0m  [1m[35mCOMMIT[0m
  ↳ app/models/shortened_url.rb:32
  [1m[36mShortenedUrl Exists (0.4ms)[0m  [1m[34mSELECT  1 AS one FROM "shortened_urls" WHERE "shortened_urls"."short_url" = $1 LIMIT $2[0m  [["short_url", "vI8tx4UzEV1SjftWdpHMWw"], ["LIMIT", 1]]
  ↳ app/models/shortened_url.rb:25
  [1m[35m (0.1ms)[0m  [1m[35mBEGIN[0m
  ↳ app/models/shortened_url.rb:32
  [1m[36mShortenedUrl Exists (0.3ms)[0m  [1m[34mSELECT  1 AS one FROM "shortened_urls" WHERE "shortened_urls"."short_url" = $1 LIMIT $2[0m  [["short_url", "vI8tx4UzEV1SjftWdpHMWw"], ["LIMIT", 1]]
  ↳ app/models/shortened_url.rb:32
  [1m[36mShortenedUrl Exists (0.4ms)[0m  [1m[34mSELECT  1 AS one FROM "shortened_urls" WHERE "shortened_urls"."long_url" = $1 LIMIT $2[0m  [["long_url", "LORUSIPSUMIDONTREMBMEBERTHERESTOFTHELATIN"], ["LIMIT", 1]]
  ↳ app/models/shortened_url.rb:32
  [1m[36mUser Load (0.3ms)[0m  [1m[34mSELECT  "users".* FROM "users" WHERE "users"."id" = $1 LIMIT $2[0m  [["id", 14], ["LIMIT", 1]]
  ↳ app/models/shortened_url.rb:32
  [1m[36mShortenedUrl Create (0.4ms)[0m  [1m[32mINSERT INTO "shortened_urls" ("short_url", "long_url", "user_id", "created_at", "updated_at") VALUES ($1, $2, $3, $4, $5) RETURNING "id"[0m  [["short_url", "vI8tx4UzEV1SjftWdpHMWw"], ["long_url", "LORUSIPSUMIDONTREMBMEBERTHERESTOFTHELATIN"], ["user_id", 14], ["created_at", "2018-12-12 21:32:32.824580"], ["updated_at", "2018-12-12 21:32:32.824580"]]
  ↳ app/models/shortened_url.rb:32
  [1m[35m (0.5ms)[0m  [1m[35mCOMMIT[0m
  ↳ app/models/shortened_url.rb:32
  [1m[36mUser Load (0.8ms)[0m  [1m[34mSELECT "users".* FROM "users"[0m
  [1m[36mUser Load (0.7ms)[0m  [1m[34mSELECT "users".* FROM "users"[0m
  [1m[35m (0.2ms)[0m  [1m[35mBEGIN[0m
  [1m[36mUser Destroy (0.8ms)[0m  [1m[31mDELETE FROM "users" WHERE "users"."id" = $1[0m  [["id", 13]]
  [1m[35m (0.7ms)[0m  [1m[35mCOMMIT[0m
  [1m[35m (0.2ms)[0m  [1m[35mBEGIN[0m
  [1m[36mUser Destroy (0.5ms)[0m  [1m[31mDELETE FROM "users" WHERE "users"."id" = $1[0m  [["id", 14]]
  [1m[35m (3.3ms)[0m  [1m[35mCOMMIT[0m
  [1m[36mShortenedUrl Load (0.9ms)[0m  [1m[34mSELECT "shortened_urls".* FROM "shortened_urls"[0m
  [1m[35m (0.2ms)[0m  [1m[35mBEGIN[0m
  [1m[36mShortenedUrl Destroy (0.5ms)[0m  [1m[31mDELETE FROM "shortened_urls" WHERE "shortened_urls"."id" = $1[0m  [["id", 8]]
  [1m[35m (0.5ms)[0m  [1m[35mCOMMIT[0m
  [1m[35m (0.2ms)[0m  [1m[35mBEGIN[0m
  [1m[36mShortenedUrl Destroy (0.6ms)[0m  [1m[31mDELETE FROM "shortened_urls" WHERE "shortened_urls"."id" = $1[0m  [["id", 9]]
  [1m[35m (0.4ms)[0m  [1m[35mCOMMIT[0m
  [1m[35m (0.2ms)[0m  [1m[35mBEGIN[0m
  [1m[36mUser Exists (1.5ms)[0m  [1m[34mSELECT  1 AS one FROM "users" WHERE "users"."email" = $1 LIMIT $2[0m  [["email", "josh@email.com"], ["LIMIT", 1]]
  [1m[36mUser Create (0.7ms)[0m  [1m[32mINSERT INTO "users" ("email", "created_at", "updated_at") VALUES ($1, $2, $3) RETURNING "id"[0m  [["email", "josh@email.com"], ["created_at", "2018-12-12 21:34:05.655000"], ["updated_at", "2018-12-12 21:34:05.655000"]]
  [1m[35m (0.5ms)[0m  [1m[35mCOMMIT[0m
  [1m[35m (0.1ms)[0m  [1m[35mBEGIN[0m
  [1m[36mUser Exists (0.5ms)[0m  [1m[34mSELECT  1 AS one FROM "users" WHERE "users"."email" = $1 LIMIT $2[0m  [["email", "joe@email.com"], ["LIMIT", 1]]
  [1m[36mUser Create (0.9ms)[0m  [1m[32mINSERT INTO "users" ("email", "created_at", "updated_at") VALUES ($1, $2, $3) RETURNING "id"[0m  [["email", "joe@email.com"], ["created_at", "2018-12-12 21:34:05.659839"], ["updated_at", "2018-12-12 21:34:05.659839"]]
  [1m[35m (0.6ms)[0m  [1m[35mCOMMIT[0m
  [1m[36mShortenedUrl Exists (0.6ms)[0m  [1m[34mSELECT  1 AS one FROM "shortened_urls" WHERE "shortened_urls"."short_url" = $1 LIMIT $2[0m  [["short_url", "MgGJE5dpiqNU1rTHpy5Ezw"], ["LIMIT", 1]]
  [1m[35m (0.1ms)[0m  [1m[35mBEGIN[0m
  [1m[36mShortenedUrl Exists (0.4ms)[0m  [1m[34mSELECT  1 AS one FROM "shortened_urls" WHERE "shortened_urls"."short_url" = $1 LIMIT $2[0m  [["short_url", "MgGJE5dpiqNU1rTHpy5Ezw"], ["LIMIT", 1]]
  [1m[36mShortenedUrl Exists (0.4ms)[0m  [1m[34mSELECT  1 AS one FROM "shortened_urls" WHERE "shortened_urls"."long_url" = $1 LIMIT $2[0m  [["long_url", "THISISAVERYLONGURLTHISISAVEYLONGURLITSUREIS"], ["LIMIT", 1]]
  [1m[36mUser Load (0.6ms)[0m  [1m[34mSELECT  "users".* FROM "users" WHERE "users"."id" = $1 LIMIT $2[0m  [["id", 15], ["LIMIT", 1]]
  [1m[36mShortenedUrl Create (0.6ms)[0m  [1m[32mINSERT INTO "shortened_urls" ("short_url", "long_url", "user_id", "created_at", "updated_at") VALUES ($1, $2, $3, $4, $5) RETURNING "id"[0m  [["short_url", "MgGJE5dpiqNU1rTHpy5Ezw"], ["long_url", "THISISAVERYLONGURLTHISISAVEYLONGURLITSUREIS"], ["user_id", 15], ["created_at", "2018-12-12 21:34:05.675767"], ["updated_at", "2018-12-12 21:34:05.675767"]]
  [1m[35m (0.6ms)[0m  [1m[35mCOMMIT[0m
  [1m[36mShortenedUrl Exists (0.6ms)[0m  [1m[34mSELECT  1 AS one FROM "shortened_urls" WHERE "shortened_urls"."short_url" = $1 LIMIT $2[0m  [["short_url", "HtG9colJ7RMuJcvwB-wEPg"], ["LIMIT", 1]]
  [1m[35m (0.2ms)[0m  [1m[35mBEGIN[0m
  [1m[36mShortenedUrl Exists (0.5ms)[0m  [1m[34mSELECT  1 AS one FROM "shortened_urls" WHERE "shortened_urls"."short_url" = $1 LIMIT $2[0m  [["short_url", "HtG9colJ7RMuJcvwB-wEPg"], ["LIMIT", 1]]
  [1m[36mShortenedUrl Exists (0.4ms)[0m  [1m[34mSELECT  1 AS one FROM "shortened_urls" WHERE "shortened_urls"."long_url" = $1 LIMIT $2[0m  [["long_url", "LORUSIPSUMIDONTREMBMEBERTHERESTOFTHELATIN"], ["LIMIT", 1]]
  [1m[36mUser Load (0.4ms)[0m  [1m[34mSELECT  "users".* FROM "users" WHERE "users"."id" = $1 LIMIT $2[0m  [["id", 16], ["LIMIT", 1]]
  [1m[36mShortenedUrl Create (0.5ms)[0m  [1m[32mINSERT INTO "shortened_urls" ("short_url", "long_url", "user_id", "created_at", "updated_at") VALUES ($1, $2, $3, $4, $5) RETURNING "id"[0m  [["short_url", "HtG9colJ7RMuJcvwB-wEPg"], ["long_url", "LORUSIPSUMIDONTREMBMEBERTHERESTOFTHELATIN"], ["user_id", 16], ["created_at", "2018-12-12 21:34:05.683977"], ["updated_at", "2018-12-12 21:34:05.683977"]]
  [1m[35m (0.5ms)[0m  [1m[35mCOMMIT[0m
  [1m[35m (0.3ms)[0m  [1m[34mSELECT pg_try_advisory_lock(4762635147840476445)[0m
  ↳ bin/rails:9
  [1m[35m (1.1ms)[0m  [1m[34mSELECT "schema_migrations"."version" FROM "schema_migrations" ORDER BY "schema_migrations"."version" ASC[0m
  ↳ bin/rails:9
Migrating to CreateVisits (20181212213526)
  [1m[35m (0.2ms)[0m  [1m[35mBEGIN[0m
  ↳ bin/rails:9
  [1m[35m (216.0ms)[0m  [1m[35mCREATE TABLE "visits" ("id" bigserial primary key, "user_id" integer, "shortened_url_id" integer, "created_at" timestamp NOT NULL, "updated_at" timestamp NOT NULL)[0m
  ↳ db/migrate/20181212213526_create_visits.rb:3
  [1m[35m (1.3ms)[0m  [1m[35mCREATE  INDEX  "index_visits_on_user_id" ON "visits"  ("user_id")[0m
  ↳ db/migrate/20181212213526_create_visits.rb:9
  [1m[35m (1.3ms)[0m  [1m[35mCREATE  INDEX  "index_visits_on_shortened_url_id" ON "visits"  ("shortened_url_id")[0m
  ↳ db/migrate/20181212213526_create_visits.rb:10
  [1m[36mActiveRecord::SchemaMigration Create (0.5ms)[0m  [1m[32mINSERT INTO "schema_migrations" ("version") VALUES ($1) RETURNING "version"[0m  [["version", "20181212213526"]]
  ↳ bin/rails:9
  [1m[35m (1.0ms)[0m  [1m[35mCOMMIT[0m
  ↳ bin/rails:9
  [1m[36mActiveRecord::InternalMetadata Load (0.5ms)[0m  [1m[34mSELECT  "ar_internal_metadata".* FROM "ar_internal_metadata" WHERE "ar_internal_metadata"."key" = $1 LIMIT $2[0m  [["key", "environment"], ["LIMIT", 1]]
  ↳ bin/rails:9
  [1m[35m (0.3ms)[0m  [1m[35mBEGIN[0m
  ↳ bin/rails:9
  [1m[35m (0.1ms)[0m  [1m[35mCOMMIT[0m
  ↳ bin/rails:9
  [1m[35m (0.3ms)[0m  [1m[34mSELECT pg_advisory_unlock(4762635147840476445)[0m
  ↳ bin/rails:9
  [1m[35m (0.4ms)[0m  [1m[34mSELECT "schema_migrations"."version" FROM "schema_migrations" ORDER BY "schema_migrations"."version" ASC[0m
  ↳ bin/rails:9
  [1m[35m (1.1ms)[0m  [1m[34mSELECT "schema_migrations"."version" FROM "schema_migrations" ORDER BY "schema_migrations"."version" ASC[0m
  ↳ /Users/aa/.rbenv/versions/2.5.1/bin/annotate:23
  [1m[35m (0.3ms)[0m  [1m[34mSELECT pg_try_advisory_lock(4762635147840476445)[0m
  ↳ bin/rails:9
  [1m[35m (1.1ms)[0m  [1m[34mSELECT "schema_migrations"."version" FROM "schema_migrations" ORDER BY "schema_migrations"."version" ASC[0m
  ↳ bin/rails:9
Migrating to AddNotNullToVisits (20181212214203)
  [1m[35m (0.3ms)[0m  [1m[35mBEGIN[0m
  ↳ bin/rails:9
  [1m[35m (256.8ms)[0m  [1m[35mALTER TABLE "visits" ALTER "user_id" DROP NOT NULL[0m
  ↳ db/migrate/20181212214203_add_not_null_to_visits.rb:3
  [1m[35m (0.3ms)[0m  [1m[35mALTER TABLE "visits" ALTER "shortened_url_id" DROP NOT NULL[0m
  ↳ db/migrate/20181212214203_add_not_null_to_visits.rb:4
  [1m[36mActiveRecord::SchemaMigration Create (0.5ms)[0m  [1m[32mINSERT INTO "schema_migrations" ("version") VALUES ($1) RETURNING "version"[0m  [["version", "20181212214203"]]
  ↳ bin/rails:9
  [1m[35m (7.4ms)[0m  [1m[35mCOMMIT[0m
  ↳ bin/rails:9
  [1m[36mActiveRecord::InternalMetadata Load (0.8ms)[0m  [1m[34mSELECT  "ar_internal_metadata".* FROM "ar_internal_metadata" WHERE "ar_internal_metadata"."key" = $1 LIMIT $2[0m  [["key", "environment"], ["LIMIT", 1]]
  ↳ bin/rails:9
  [1m[35m (0.3ms)[0m  [1m[35mBEGIN[0m
  ↳ bin/rails:9
  [1m[35m (0.2ms)[0m  [1m[35mCOMMIT[0m
  ↳ bin/rails:9
  [1m[35m (0.4ms)[0m  [1m[34mSELECT pg_advisory_unlock(4762635147840476445)[0m
  ↳ bin/rails:9
  [1m[35m (0.5ms)[0m  [1m[34mSELECT "schema_migrations"."version" FROM "schema_migrations" ORDER BY "schema_migrations"."version" ASC[0m
  ↳ bin/rails:9
  [1m[35m (0.3ms)[0m  [1m[34mSELECT pg_try_advisory_lock(4762635147840476445)[0m
  ↳ bin/rails:9
  [1m[35m (1.1ms)[0m  [1m[34mSELECT "schema_migrations"."version" FROM "schema_migrations" ORDER BY "schema_migrations"."version" ASC[0m
  ↳ bin/rails:9
Migrating to AddNotNullToVisitsRetry (20181212214524)
  [1m[35m (0.3ms)[0m  [1m[35mBEGIN[0m
  ↳ bin/rails:9
  [1m[35m (30.0ms)[0m  [1m[35mALTER TABLE "visits" ALTER "user_id" SET NOT NULL[0m
  ↳ db/migrate/20181212214524_add_not_null_to_visits_retry.rb:3
  [1m[35m (0.4ms)[0m  [1m[35mALTER TABLE "visits" ALTER "shortened_url_id" SET NOT NULL[0m
  ↳ db/migrate/20181212214524_add_not_null_to_visits_retry.rb:4
  [1m[36mActiveRecord::SchemaMigration Create (0.7ms)[0m  [1m[32mINSERT INTO "schema_migrations" ("version") VALUES ($1) RETURNING "version"[0m  [["version", "20181212214524"]]
  ↳ bin/rails:9
  [1m[35m (5.5ms)[0m  [1m[35mCOMMIT[0m
  ↳ bin/rails:9
  [1m[36mActiveRecord::InternalMetadata Load (0.6ms)[0m  [1m[34mSELECT  "ar_internal_metadata".* FROM "ar_internal_metadata" WHERE "ar_internal_metadata"."key" = $1 LIMIT $2[0m  [["key", "environment"], ["LIMIT", 1]]
  ↳ bin/rails:9
  [1m[35m (0.3ms)[0m  [1m[35mBEGIN[0m
  ↳ bin/rails:9
  [1m[35m (0.2ms)[0m  [1m[35mCOMMIT[0m
  ↳ bin/rails:9
  [1m[35m (0.4ms)[0m  [1m[34mSELECT pg_advisory_unlock(4762635147840476445)[0m
  ↳ bin/rails:9
  [1m[35m (0.3ms)[0m  [1m[34mSELECT "schema_migrations"."version" FROM "schema_migrations" ORDER BY "schema_migrations"."version" ASC[0m
  ↳ bin/rails:9
  [1m[35m (1.1ms)[0m  [1m[34mSELECT "schema_migrations"."version" FROM "schema_migrations" ORDER BY "schema_migrations"."version" ASC[0m
  ↳ /Users/aa/.rbenv/versions/2.5.1/bin/annotate:23
  [1m[35m (1.1ms)[0m  [1m[34mSELECT "schema_migrations"."version" FROM "schema_migrations" ORDER BY "schema_migrations"."version" ASC[0m
  ↳ bin/rails:9
  [1m[36mUser Load (27.5ms)[0m  [1m[34mSELECT "users".* FROM "users"[0m
  ↳ db/seeds.rb:8
  [1m[35m (0.3ms)[0m  [1m[35mBEGIN[0m
  ↳ db/seeds.rb:8
  [1m[36mUser Destroy (1.1ms)[0m  [1m[31mDELETE FROM "users" WHERE "users"."id" = $1[0m  [["id", 15]]
  ↳ db/seeds.rb:8
  [1m[35m (16.1ms)[0m  [1m[35mCOMMIT[0m
  ↳ db/seeds.rb:8
  [1m[35m (0.3ms)[0m  [1m[35mBEGIN[0m
  ↳ db/seeds.rb:8
  [1m[36mUser Destroy (0.7ms)[0m  [1m[31mDELETE FROM "users" WHERE "users"."id" = $1[0m  [["id", 16]]
  ↳ db/seeds.rb:8
  [1m[35m (15.9ms)[0m  [1m[35mCOMMIT[0m
  ↳ db/seeds.rb:8
  [1m[36mShortenedUrl Load (1.1ms)[0m  [1m[34mSELECT "shortened_urls".* FROM "shortened_urls"[0m
  ↳ db/seeds.rb:9
  [1m[35m (0.2ms)[0m  [1m[35mBEGIN[0m
  ↳ db/seeds.rb:9
  [1m[36mShortenedUrl Destroy (0.4ms)[0m  [1m[31mDELETE FROM "shortened_urls" WHERE "shortened_urls"."id" = $1[0m  [["id", 10]]
  ↳ db/seeds.rb:9
  [1m[35m (15.7ms)[0m  [1m[35mCOMMIT[0m
  ↳ db/seeds.rb:9
  [1m[35m (0.3ms)[0m  [1m[35mBEGIN[0m
  ↳ db/seeds.rb:9
  [1m[36mShortenedUrl Destroy (0.7ms)[0m  [1m[31mDELETE FROM "shortened_urls" WHERE "shortened_urls"."id" = $1[0m  [["id", 11]]
  ↳ db/seeds.rb:9
  [1m[35m (0.6ms)[0m  [1m[35mCOMMIT[0m
  ↳ db/seeds.rb:9
  [1m[35m (0.2ms)[0m  [1m[35mBEGIN[0m
  ↳ db/seeds.rb:11
  [1m[36mUser Exists (1.0ms)[0m  [1m[34mSELECT  1 AS one FROM "users" WHERE "users"."email" = $1 LIMIT $2[0m  [["email", "josh@email.com"], ["LIMIT", 1]]
  ↳ db/seeds.rb:11
  [1m[36mUser Create (0.6ms)[0m  [1m[32mINSERT INTO "users" ("email", "created_at", "updated_at") VALUES ($1, $2, $3) RETURNING "id"[0m  [["email", "josh@email.com"], ["created_at", "2018-12-12 21:55:36.786217"], ["updated_at", "2018-12-12 21:55:36.786217"]]
  ↳ db/seeds.rb:11
  [1m[35m (0.6ms)[0m  [1m[35mCOMMIT[0m
  ↳ db/seeds.rb:11
  [1m[35m (0.1ms)[0m  [1m[35mBEGIN[0m
  ↳ db/seeds.rb:12
  [1m[36mUser Exists (0.4ms)[0m  [1m[34mSELECT  1 AS one FROM "users" WHERE "users"."email" = $1 LIMIT $2[0m  [["email", "joe@email.com"], ["LIMIT", 1]]
  ↳ db/seeds.rb:12
  [1m[36mUser Create (0.4ms)[0m  [1m[32mINSERT INTO "users" ("email", "created_at", "updated_at") VALUES ($1, $2, $3) RETURNING "id"[0m  [["email", "joe@email.com"], ["created_at", "2018-12-12 21:55:36.790666"], ["updated_at", "2018-12-12 21:55:36.790666"]]
  ↳ db/seeds.rb:12
  [1m[35m (0.4ms)[0m  [1m[35mCOMMIT[0m
  ↳ db/seeds.rb:12
  [1m[36mShortenedUrl Exists (0.5ms)[0m  [1m[34mSELECT  1 AS one FROM "shortened_urls" WHERE "shortened_urls"."short_url" = $1 LIMIT $2[0m  [["short_url", "iWSLQfPh1wMxhPQAJmiz4w"], ["LIMIT", 1]]
  ↳ app/models/shortened_url.rb:34
  [1m[35m (0.1ms)[0m  [1m[35mBEGIN[0m
  ↳ app/models/shortened_url.rb:41
  [1m[36mShortenedUrl Exists (0.3ms)[0m  [1m[34mSELECT  1 AS one FROM "shortened_urls" WHERE "shortened_urls"."short_url" = $1 LIMIT $2[0m  [["short_url", "iWSLQfPh1wMxhPQAJmiz4w"], ["LIMIT", 1]]
  ↳ app/models/shortened_url.rb:41
  [1m[36mShortenedUrl Exists (0.3ms)[0m  [1m[34mSELECT  1 AS one FROM "shortened_urls" WHERE "shortened_urls"."long_url" = $1 LIMIT $2[0m  [["long_url", "THISISAVERYLONGURLTHISISAVEYLONGURLITSUREIS"], ["LIMIT", 1]]
  ↳ app/models/shortened_url.rb:41
  [1m[36mUser Load (0.4ms)[0m  [1m[34mSELECT  "users".* FROM "users" WHERE "users"."id" = $1 LIMIT $2[0m  [["id", 17], ["LIMIT", 1]]
  ↳ app/models/shortened_url.rb:41
  [1m[36mShortenedUrl Create (0.6ms)[0m  [1m[32mINSERT INTO "shortened_urls" ("short_url", "long_url", "user_id", "created_at", "updated_at") VALUES ($1, $2, $3, $4, $5) RETURNING "id"[0m  [["short_url", "iWSLQfPh1wMxhPQAJmiz4w"], ["long_url", "THISISAVERYLONGURLTHISISAVEYLONGURLITSUREIS"], ["user_id", 17], ["created_at", "2018-12-12 21:55:36.836060"], ["updated_at", "2018-12-12 21:55:36.836060"]]
  ↳ app/models/shortened_url.rb:41
  [1m[35m (15.8ms)[0m  [1m[35mCOMMIT[0m
  ↳ app/models/shortened_url.rb:41
  [1m[36mShortenedUrl Exists (1.0ms)[0m  [1m[34mSELECT  1 AS one FROM "shortened_urls" WHERE "shortened_urls"."short_url" = $1 LIMIT $2[0m  [["short_url", "SuXnYRZOUfmRkPm_wN3LHw"], ["LIMIT", 1]]
  ↳ app/models/shortened_url.rb:34
  [1m[35m (0.2ms)[0m  [1m[35mBEGIN[0m
  ↳ app/models/shortened_url.rb:41
  [1m[36mShortenedUrl Exists (0.5ms)[0m  [1m[34mSELECT  1 AS one FROM "shortened_urls" WHERE "shortened_urls"."short_url" = $1 LIMIT $2[0m  [["short_url", "SuXnYRZOUfmRkPm_wN3LHw"], ["LIMIT", 1]]
  ↳ app/models/shortened_url.rb:41
  [1m[36mShortenedUrl Exists (0.4ms)[0m  [1m[34mSELECT  1 AS one FROM "shortened_urls" WHERE "shortened_urls"."long_url" = $1 LIMIT $2[0m  [["long_url", "LORUSIPSUMIDONTREMBMEBERTHERESTOFTHELATIN"], ["LIMIT", 1]]
  ↳ app/models/shortened_url.rb:41
  [1m[36mUser Load (0.4ms)[0m  [1m[34mSELECT  "users".* FROM "users" WHERE "users"."id" = $1 LIMIT $2[0m  [["id", 18], ["LIMIT", 1]]
  ↳ app/models/shortened_url.rb:41
  [1m[36mShortenedUrl Create (0.6ms)[0m  [1m[32mINSERT INTO "shortened_urls" ("short_url", "long_url", "user_id", "created_at", "updated_at") VALUES ($1, $2, $3, $4, $5) RETURNING "id"[0m  [["short_url", "SuXnYRZOUfmRkPm_wN3LHw"], ["long_url", "LORUSIPSUMIDONTREMBMEBERTHERESTOFTHELATIN"], ["user_id", 18], ["created_at", "2018-12-12 21:55:36.860507"], ["updated_at", "2018-12-12 21:55:36.860507"]]
  ↳ app/models/shortened_url.rb:41
  [1m[35m (0.5ms)[0m  [1m[35mCOMMIT[0m
  ↳ app/models/shortened_url.rb:41
  [1m[35m (0.2ms)[0m  [1m[35mBEGIN[0m
  ↳ app/models/visit.rb:25
  [1m[36mUser Load (0.4ms)[0m  [1m[34mSELECT  "users".* FROM "users" WHERE "users"."id" = $1 LIMIT $2[0m  [["id", 17], ["LIMIT", 1]]
  ↳ app/models/visit.rb:25
  [1m[36mShortenedUrl Load (0.4ms)[0m  [1m[34mSELECT  "shortened_urls".* FROM "shortened_urls" WHERE "shortened_urls"."id" = $1 LIMIT $2[0m  [["id", 12], ["LIMIT", 1]]
  ↳ app/models/visit.rb:25
  [1m[36mVisit Create (25.7ms)[0m  [1m[32mINSERT INTO "visits" ("user_id", "shortened_url_id", "created_at", "updated_at") VALUES ($1, $2, $3, $4) RETURNING "id"[0m  [["user_id", 17], ["shortened_url_id", 12], ["created_at", "2018-12-12 21:55:36.919358"], ["updated_at", "2018-12-12 21:55:36.919358"]]
  ↳ app/models/visit.rb:25
  [1m[35m (0.5ms)[0m  [1m[35mCOMMIT[0m
  ↳ app/models/visit.rb:25
  [1m[35m (0.1ms)[0m  [1m[35mBEGIN[0m
  ↳ app/models/visit.rb:25
  [1m[36mUser Load (0.3ms)[0m  [1m[34mSELECT  "users".* FROM "users" WHERE "users"."id" = $1 LIMIT $2[0m  [["id", 17], ["LIMIT", 1]]
  ↳ app/models/visit.rb:25
  [1m[36mShortenedUrl Load (0.4ms)[0m  [1m[34mSELECT  "shortened_urls".* FROM "shortened_urls" WHERE "shortened_urls"."id" = $1 LIMIT $2[0m  [["id", 13], ["LIMIT", 1]]
  ↳ app/models/visit.rb:25
  [1m[36mVisit Create (0.5ms)[0m  [1m[32mINSERT INTO "visits" ("user_id", "shortened_url_id", "created_at", "updated_at") VALUES ($1, $2, $3, $4) RETURNING "id"[0m  [["user_id", 17], ["shortened_url_id", 13], ["created_at", "2018-12-12 21:55:36.949627"], ["updated_at", "2018-12-12 21:55:36.949627"]]
  ↳ app/models/visit.rb:25
  [1m[35m (0.4ms)[0m  [1m[35mCOMMIT[0m
  ↳ app/models/visit.rb:25
  [1m[35m (0.1ms)[0m  [1m[35mBEGIN[0m
  ↳ app/models/visit.rb:25
  [1m[36mUser Load (0.4ms)[0m  [1m[34mSELECT  "users".* FROM "users" WHERE "users"."id" = $1 LIMIT $2[0m  [["id", 18], ["LIMIT", 1]]
  ↳ app/models/visit.rb:25
  [1m[36mShortenedUrl Load (0.3ms)[0m  [1m[34mSELECT  "shortened_urls".* FROM "shortened_urls" WHERE "shortened_urls"."id" = $1 LIMIT $2[0m  [["id", 12], ["LIMIT", 1]]
  ↳ app/models/visit.rb:25
  [1m[36mVisit Create (0.4ms)[0m  [1m[32mINSERT INTO "visits" ("user_id", "shortened_url_id", "created_at", "updated_at") VALUES ($1, $2, $3, $4) RETURNING "id"[0m  [["user_id", 18], ["shortened_url_id", 12], ["created_at", "2018-12-12 21:55:36.954298"], ["updated_at", "2018-12-12 21:55:36.954298"]]
  ↳ app/models/visit.rb:25
  [1m[35m (0.5ms)[0m  [1m[35mCOMMIT[0m
  ↳ app/models/visit.rb:25
  [1m[35m (0.1ms)[0m  [1m[35mBEGIN[0m
  ↳ app/models/visit.rb:25
  [1m[36mUser Load (0.3ms)[0m  [1m[34mSELECT  "users".* FROM "users" WHERE "users"."id" = $1 LIMIT $2[0m  [["id", 18], ["LIMIT", 1]]
  ↳ app/models/visit.rb:25
  [1m[36mShortenedUrl Load (0.3ms)[0m  [1m[34mSELECT  "shortened_urls".* FROM "shortened_urls" WHERE "shortened_urls"."id" = $1 LIMIT $2[0m  [["id", 13], ["LIMIT", 1]]
  ↳ app/models/visit.rb:25
  [1m[36mVisit Create (0.4ms)[0m  [1m[32mINSERT INTO "visits" ("user_id", "shortened_url_id", "created_at", "updated_at") VALUES ($1, $2, $3, $4) RETURNING "id"[0m  [["user_id", 18], ["shortened_url_id", 13], ["created_at", "2018-12-12 21:55:36.958559"], ["updated_at", "2018-12-12 21:55:36.958559"]]
  ↳ app/models/visit.rb:25
  [1m[35m (0.6ms)[0m  [1m[35mCOMMIT[0m
  ↳ app/models/visit.rb:25
  [1m[35m (0.2ms)[0m  [1m[35mBEGIN[0m
  ↳ app/models/visit.rb:25
  [1m[36mUser Load (0.5ms)[0m  [1m[34mSELECT  "users".* FROM "users" WHERE "users"."id" = $1 LIMIT $2[0m  [["id", 17], ["LIMIT", 1]]
  ↳ app/models/visit.rb:25
  [1m[36mShortenedUrl Load (0.4ms)[0m  [1m[34mSELECT  "shortened_urls".* FROM "shortened_urls" WHERE "shortened_urls"."id" = $1 LIMIT $2[0m  [["id", 12], ["LIMIT", 1]]
  ↳ app/models/visit.rb:25
  [1m[36mVisit Create (0.5ms)[0m  [1m[32mINSERT INTO "visits" ("user_id", "shortened_url_id", "created_at", "updated_at") VALUES ($1, $2, $3, $4) RETURNING "id"[0m  [["user_id", 17], ["shortened_url_id", 12], ["created_at", "2018-12-12 21:55:36.964067"], ["updated_at", "2018-12-12 21:55:36.964067"]]
  ↳ app/models/visit.rb:25
  [1m[35m (0.5ms)[0m  [1m[35mCOMMIT[0m
  ↳ app/models/visit.rb:25
  [1m[36mShortenedUrl Load (0.7ms)[0m  [1m[34mSELECT  "shortened_urls".* FROM "shortened_urls" ORDER BY "shortened_urls"."id" ASC LIMIT $1[0m  [["LIMIT", 1]]
  [1m[36mShortenedUrl Load (0.4ms)[0m  [1m[34mSELECT  "shortened_urls".* FROM "shortened_urls" ORDER BY "shortened_urls"."id" ASC LIMIT $1[0m  [["LIMIT", 1]]
  [1m[36mShortenedUrl Load (0.4ms)[0m  [1m[34mSELECT  "shortened_urls".* FROM "shortened_urls" ORDER BY "shortened_urls"."id" ASC LIMIT $1[0m  [["LIMIT", 1]]
  [1m[36mUser Load (1.5ms)[0m  [1m[34mSELECT "users".* FROM "users" INNER JOIN "visits" ON "users"."id" = "visits"."user_id" WHERE "visits"."shortened_url_id" = $1[0m  [["shortened_url_id", 12]]
  [1m[36mUser Load (0.5ms)[0m  [1m[34mSELECT  "users".* FROM "users" ORDER BY "users"."id" ASC LIMIT $1[0m  [["LIMIT", 1]]
  [1m[36mVisit Load (0.5ms)[0m  [1m[34mSELECT "visits".* FROM "visits" WHERE "visits"."user_id" = $1[0m  [["user_id", 17]]
  [1m[36mShortenedUrl Load (0.7ms)[0m  [1m[34mSELECT "shortened_urls".* FROM "shortened_urls" INNER JOIN "visits" ON "shortened_urls"."id" = "visits"."shortened_url_id" WHERE "visits"."user_id" = $1[0m  [["user_id", 17]]
  [1m[36mShortenedUrl Load (0.4ms)[0m  [1m[34mSELECT  "shortened_urls".* FROM "shortened_urls" ORDER BY "shortened_urls"."id" ASC LIMIT $1[0m  [["LIMIT", 1]]
  [1m[36mShortenedUrl Load (0.7ms)[0m  [1m[34mSELECT  "shortened_urls".* FROM "shortened_urls" ORDER BY "shortened_urls"."id" ASC LIMIT $1[0m  [["LIMIT", 1]]
  [1m[36mUser Load (50.8ms)[0m  [1m[34mSELECT DISTINCT "users".* FROM "users" INNER JOIN "visits" ON "users"."id" = "visits"."user_id" WHERE "visits"."shortened_url_id" = $1[0m  [["shortened_url_id", 12]]
  [1m[36mShortenedUrl Load (0.4ms)[0m  [1m[34mSELECT  "shortened_urls".* FROM "shortened_urls" ORDER BY "shortened_urls"."id" ASC LIMIT $1[0m  [["LIMIT", 1]]
  [1m[36mUser Load (0.7ms)[0m  [1m[34mSELECT DISTINCT "users".* FROM "users" INNER JOIN "visits" ON "users"."id" = "visits"."user_id" WHERE "visits"."shortened_url_id" = $1[0m  [["shortened_url_id", 12]]
  [1m[36mShortenedUrl Load (0.3ms)[0m  [1m[34mSELECT  "shortened_urls".* FROM "shortened_urls" ORDER BY "shortened_urls"."id" ASC LIMIT $1[0m  [["LIMIT", 1]]
  [1m[35m (19.2ms)[0m  [1m[34mSELECT COUNT(DISTINCT "users"."id") FROM "users" INNER JOIN "visits" ON "users"."id" = "visits"."user_id" WHERE "visits"."shortened_url_id" = $1[0m  [["shortened_url_id", 12]]
  [1m[36mShortenedUrl Load (0.3ms)[0m  [1m[34mSELECT  "shortened_urls".* FROM "shortened_urls" ORDER BY "shortened_urls"."id" ASC LIMIT $1[0m  [["LIMIT", 1]]
  [1m[35m (1.2ms)[0m  [1m[34mSELECT COUNT(DISTINCT "users"."id") FROM "users" INNER JOIN "visits" ON "users"."id" = "visits"."user_id" WHERE "visits"."shortened_url_id" = $1 AND "users"."created_at" BETWEEN $2 AND $3[0m  [["shortened_url_id", 12], ["created_at", "2018-12-12 21:59:30.775195"], ["created_at", "2018-12-12 22:09:30.775224"]]
  [1m[36mUser Load (0.7ms)[0m  [1m[34mSELECT  "users".* FROM "users" ORDER BY "users"."id" ASC LIMIT $1[0m  [["LIMIT", 1]]
  [1m[35m (0.2ms)[0m  [1m[35mBEGIN[0m
  [1m[36mUser Load (0.4ms)[0m  [1m[34mSELECT  "users".* FROM "users" WHERE "users"."id" = $1 LIMIT $2[0m  [["id", 17], ["LIMIT", 1]]
  [1m[36mShortenedUrl Load (0.4ms)[0m  [1m[34mSELECT  "shortened_urls".* FROM "shortened_urls" WHERE "shortened_urls"."id" = $1 LIMIT $2[0m  [["id", 12], ["LIMIT", 1]]
  [1m[36mVisit Create (1.2ms)[0m  [1m[32mINSERT INTO "visits" ("user_id", "shortened_url_id", "created_at", "updated_at") VALUES ($1, $2, $3, $4) RETURNING "id"[0m  [["user_id", 17], ["shortened_url_id", 12], ["created_at", "2018-12-12 22:10:09.618544"], ["updated_at", "2018-12-12 22:10:09.618544"]]
  [1m[35m (15.6ms)[0m  [1m[35mCOMMIT[0m
  [1m[35m (0.9ms)[0m  [1m[34mSELECT COUNT(DISTINCT "users"."id") FROM "users" INNER JOIN "visits" ON "users"."id" = "visits"."user_id" WHERE "visits"."shortened_url_id" = $1 AND "users"."created_at" BETWEEN $2 AND $3[0m  [["shortened_url_id", 12], ["created_at", "2018-12-12 22:00:13.658805"], ["created_at", "2018-12-12 22:10:13.658843"]]
  [1m[36mShortenedUrl Load (0.3ms)[0m  [1m[34mSELECT  "shortened_urls".* FROM "shortened_urls" ORDER BY "shortened_urls"."id" ASC LIMIT $1[0m  [["LIMIT", 1]]
  [1m[35m (42.2ms)[0m  [1m[34mSELECT COUNT(DISTINCT "users"."id") FROM "users" INNER JOIN "visits" ON "users"."id" = "visits"."user_id" WHERE "visits"."shortened_url_id" = $1 AND (created_at > 10.minutes.ago)[0m  [["shortened_url_id", 12]]
  [1m[36mShortenedUrl Load (0.4ms)[0m  [1m[34mSELECT  "shortened_urls".* FROM "shortened_urls" ORDER BY "shortened_urls"."id" ASC LIMIT $1[0m  [["LIMIT", 1]]
  [1m[35m (0.9ms)[0m  [1m[34mSELECT COUNT(DISTINCT "users"."id") FROM "users" INNER JOIN "visits" ON "users"."id" = "visits"."user_id" WHERE "visits"."shortened_url_id" = $1 AND (created_at > '2018-12-12 22:02:38.323886')[0m  [["shortened_url_id", 12]]
  [1m[36mShortenedUrl Load (0.4ms)[0m  [1m[34mSELECT  "shortened_urls".* FROM "shortened_urls" ORDER BY "shortened_urls"."id" ASC LIMIT $1[0m  [["LIMIT", 1]]
  [1m[35m (1.0ms)[0m  [1m[34mSELECT COUNT(DISTINCT "users"."id") FROM "users" INNER JOIN "visits" ON "users"."id" = "visits"."user_id" WHERE "visits"."shortened_url_id" = $1 AND (visits.created_at > '2018-12-12 22:03:40.840681')[0m  [["shortened_url_id", 12]]
  [1m[36mUser Load (0.9ms)[0m  [1m[34mSELECT  "users".* FROM "users" WHERE "users"."email" = $1 LIMIT $2[0m  [["email", "josh@email.com"], ["LIMIT", 1]]
  [1m[36mUser Load (0.6ms)[0m  [1m[34mSELECT  "users".* FROM "users" ORDER BY "users"."id" ASC LIMIT $1[0m  [["LIMIT", 1]]
  [1m[36mShortenedUrl Exists (0.8ms)[0m  [1m[34mSELECT  1 AS one FROM "shortened_urls" WHERE "shortened_urls"."short_url" = $1 LIMIT $2[0m  [["short_url", "FgDhfoJOgaGGVeb7CncZMg"], ["LIMIT", 1]]
  [1m[35m (0.2ms)[0m  [1m[35mBEGIN[0m
  [1m[36mShortenedUrl Exists (0.6ms)[0m  [1m[34mSELECT  1 AS one FROM "shortened_urls" WHERE "shortened_urls"."short_url" = $1 LIMIT $2[0m  [["short_url", "FgDhfoJOgaGGVeb7CncZMg"], ["LIMIT", 1]]
  [1m[36mShortenedUrl Exists (0.5ms)[0m  [1m[34mSELECT  1 AS one FROM "shortened_urls" WHERE "shortened_urls"."long_url" = $1 LIMIT $2[0m  [["long_url", "aishgoasghoashgoag"], ["LIMIT", 1]]
  [1m[36mUser Load (0.4ms)[0m  [1m[34mSELECT  "users".* FROM "users" WHERE "users"."id" = $1 LIMIT $2[0m  [["id", 17], ["LIMIT", 1]]
  [1m[36mShortenedUrl Create (1.0ms)[0m  [1m[32mINSERT INTO "shortened_urls" ("short_url", "long_url", "user_id", "created_at", "updated_at") VALUES ($1, $2, $3, $4, $5) RETURNING "id"[0m  [["short_url", "FgDhfoJOgaGGVeb7CncZMg"], ["long_url", "aishgoasghoashgoag"], ["user_id", 17], ["created_at", "2018-12-12 22:30:05.670002"], ["updated_at", "2018-12-12 22:30:05.670002"]]
  [1m[35m (16.7ms)[0m  [1m[35mCOMMIT[0m
  [1m[36mUser Load (0.8ms)[0m  [1m[34mSELECT  "users".* FROM "users" WHERE "users"."email" = $1 LIMIT $2[0m  [["email", "josh@email.com"], ["LIMIT", 1]]
  ↳ bin/cli:7
  [1m[36mUser Load (1.2ms)[0m  [1m[34mSELECT  "users".* FROM "users" WHERE "users"."email" = $1 LIMIT $2[0m  [["email", "josh@email.com"], ["LIMIT", 1]]
  ↳ bin/cli:7
  [1m[36mUser Load (0.7ms)[0m  [1m[34mSELECT  "users".* FROM "users" WHERE "users"."email" = $1 LIMIT $2[0m  [["email", "josh@email.com"], ["LIMIT", 1]]
  ↳ bin/cli:7
  [1m[36mShortenedUrl Exists (0.7ms)[0m  [1m[34mSELECT  1 AS one FROM "shortened_urls" WHERE "shortened_urls"."short_url" = $1 LIMIT $2[0m  [["short_url", "BCLt_WklwJSYdEf47tSekQ"], ["LIMIT", 1]]
  ↳ app/models/shortened_url.rb:35
  [1m[35m (0.2ms)[0m  [1m[35mBEGIN[0m
  ↳ app/models/shortened_url.rb:42
  [1m[36mShortenedUrl Exists (0.4ms)[0m  [1m[34mSELECT  1 AS one FROM "shortened_urls" WHERE "shortened_urls"."short_url" = $1 LIMIT $2[0m  [["short_url", "BCLt_WklwJSYdEf47tSekQ"], ["LIMIT", 1]]
  ↳ app/models/shortened_url.rb:42
  [1m[36mShortenedUrl Exists (0.4ms)[0m  [1m[34mSELECT  1 AS one FROM "shortened_urls" WHERE "shortened_urls"."long_url" = $1 LIMIT $2[0m  [["long_url", "https://github.com/appacademy/curriculum/tree/master/sql/projects/url_shortener"], ["LIMIT", 1]]
  ↳ app/models/shortened_url.rb:42
  [1m[36mUser Load (0.5ms)[0m  [1m[34mSELECT  "users".* FROM "users" WHERE "users"."id" = $1 LIMIT $2[0m  [["id", 17], ["LIMIT", 1]]
  ↳ app/models/shortened_url.rb:42
  [1m[36mShortenedUrl Create (0.8ms)[0m  [1m[32mINSERT INTO "shortened_urls" ("short_url", "long_url", "user_id", "created_at", "updated_at") VALUES ($1, $2, $3, $4, $5) RETURNING "id"[0m  [["short_url", "BCLt_WklwJSYdEf47tSekQ"], ["long_url", "https://github.com/appacademy/curriculum/tree/master/sql/projects/url_shortener"], ["user_id", 17], ["created_at", "2018-12-12 22:34:43.064274"], ["updated_at", "2018-12-12 22:34:43.064274"]]
  ↳ app/models/shortened_url.rb:42
  [1m[35m (15.7ms)[0m  [1m[35mCOMMIT[0m
  ↳ app/models/shortened_url.rb:42
  [1m[36mUser Load (0.8ms)[0m  [1m[34mSELECT  "users".* FROM "users" WHERE "users"."email" = $1 LIMIT $2[0m  [["email", "josh@email.com"], ["LIMIT", 1]]
  ↳ bin/cli:7
  [1m[36mShortenedUrl Load (0.6ms)[0m  [1m[34mSELECT  "shortened_urls".* FROM "shortened_urls" WHERE "shortened_urls"."short_url" = $1 LIMIT $2[0m  [["short_url", "BCLt_WklwJSYdEf47tSekQ"], ["LIMIT", 1]]
  ↳ bin/cli:18
  [1m[36mUser Load (0.8ms)[0m  [1m[34mSELECT  "users".* FROM "users" WHERE "users"."email" = $1 LIMIT $2[0m  [["email", "bobby@bobbu.eu"], ["LIMIT", 1]]
  ↳ bin/cli:7
  [1m[36mUser Exists (1.4ms)[0m  [1m[34mSELECT  1 AS one FROM "users" WHERE "users"."email" IS NULL LIMIT $1[0m  [["LIMIT", 1]]
  ↳ bin/cli:4
  [1m[36mUser Load (0.6ms)[0m  [1m[34mSELECT  "users".* FROM "users" WHERE "users"."email" = $1 LIMIT $2[0m  [["email", "bobby@bobbu.eu"], ["LIMIT", 1]]
  ↳ bin/cli:9
  [1m[36mUser Load (0.7ms)[0m  [1m[34mSELECT  "users".* FROM "users" WHERE "users"."email" = $1 LIMIT $2[0m  [["email", "josh@email.com"], ["LIMIT", 1]]
  [1m[36mUser Load (0.9ms)[0m  [1m[34mSELECT  "users".* FROM "users" WHERE "users"."email" = $1 LIMIT $2[0m  [["email", "josh@eagjag.com"], ["LIMIT", 1]]
  [1m[36mUser Load (0.7ms)[0m  [1m[34mSELECT  "users".* FROM "users" WHERE "users"."email" = $1 LIMIT $2[0m  [["email", "bobag@bojasg.com"], ["LIMIT", 1]]
  ↳ bin/cli:9
  [1m[36mUser Load (1.0ms)[0m  [1m[34mSELECT  "users".* FROM "users" WHERE "users"."email" = $1 LIMIT $2[0m  [["email", "agjoabj@oajaosg.com"], ["LIMIT", 1]]
  ↳ bin/cli:9
  [1m[36mUser Load (0.8ms)[0m  [1m[34mSELECT  "users".* FROM "users" WHERE "users"."email" = $1 LIMIT $2[0m  [["email", "josh@email.com"], ["LIMIT", 1]]
  ↳ bin/cli:9
  [1m[35m (0.3ms)[0m  [1m[34mSELECT pg_try_advisory_lock(4762635147840476445)[0m
  ↳ bin/rails:9
  [1m[35m (29.5ms)[0m  [1m[34mSELECT "schema_migrations"."version" FROM "schema_migrations" ORDER BY "schema_migrations"."version" ASC[0m
  ↳ bin/rails:9
Migrating to CreateTagTopics (20181212224126)
  [1m[35m (0.3ms)[0m  [1m[35mBEGIN[0m
  ↳ bin/rails:9
  [1m[35m (69.1ms)[0m  [1m[35mCREATE TABLE "tag_topics" ("id" bigserial primary key, "shortened_url_id" integer NOT NULL, "topic" character varying NOT NULL, "created_at" timestamp NOT NULL, "updated_at" timestamp NOT NULL)[0m
  ↳ db/migrate/20181212224126_create_tag_topics.rb:3
  [1m[35m (9.9ms)[0m  [1m[35mCREATE  INDEX  "index_tag_topics_on_shortened_url_id" ON "tag_topics"  ("shortened_url_id")[0m
  ↳ db/migrate/20181212224126_create_tag_topics.rb:10
  [1m[36mActiveRecord::SchemaMigration Create (0.6ms)[0m  [1m[32mINSERT INTO "schema_migrations" ("version") VALUES ($1) RETURNING "version"[0m  [["version", "20181212224126"]]
  ↳ bin/rails:9
  [1m[35m (1.2ms)[0m  [1m[35mCOMMIT[0m
  ↳ bin/rails:9
  [1m[36mActiveRecord::InternalMetadata Load (0.5ms)[0m  [1m[34mSELECT  "ar_internal_metadata".* FROM "ar_internal_metadata" WHERE "ar_internal_metadata"."key" = $1 LIMIT $2[0m  [["key", "environment"], ["LIMIT", 1]]
  ↳ bin/rails:9
  [1m[35m (0.3ms)[0m  [1m[35mBEGIN[0m
  ↳ bin/rails:9
  [1m[35m (0.2ms)[0m  [1m[35mCOMMIT[0m
  ↳ bin/rails:9
  [1m[35m (0.4ms)[0m  [1m[34mSELECT pg_advisory_unlock(4762635147840476445)[0m
  ↳ bin/rails:9
  [1m[35m (0.4ms)[0m  [1m[34mSELECT "schema_migrations"."version" FROM "schema_migrations" ORDER BY "schema_migrations"."version" ASC[0m
  ↳ bin/rails:9
  [1m[35m (28.8ms)[0m  [1m[34mSELECT "schema_migrations"."version" FROM "schema_migrations" ORDER BY "schema_migrations"."version" ASC[0m
  ↳ /Users/aa/.rbenv/versions/2.5.1/bin/annotate:23
  [1m[35m (0.3ms)[0m  [1m[34mSELECT pg_try_advisory_lock(4762635147840476445)[0m
  ↳ bin/rails:9
  [1m[35m (1.2ms)[0m  [1m[34mSELECT "schema_migrations"."version" FROM "schema_migrations" ORDER BY "schema_migrations"."version" ASC[0m
  ↳ bin/rails:9
Migrating to CreateTaggings (20181212224810)
  [1m[35m (0.3ms)[0m  [1m[35mBEGIN[0m
  ↳ bin/rails:9
  [1m[35m (52.1ms)[0m  [1m[35mCREATE TABLE "taggings" ("id" bigserial primary key, "tag_topic_id" integer NOT NULL, "shortened_url_id" integer NOT NULL, "created_at" timestamp NOT NULL, "updated_at" timestamp NOT NULL)[0m
  ↳ db/migrate/20181212224810_create_taggings.rb:3
  [1m[35m (2.5ms)[0m  [1m[35mCREATE  INDEX  "index_taggings_on_tag_topic_id" ON "taggings"  ("tag_topic_id")[0m
  ↳ db/migrate/20181212224810_create_taggings.rb:9
  [1m[35m (1.3ms)[0m  [1m[35mCREATE  INDEX  "index_taggings_on_shortened_url_id" ON "taggings"  ("shortened_url_id")[0m
  ↳ db/migrate/20181212224810_create_taggings.rb:10
  [1m[36mActiveRecord::SchemaMigration Create (0.5ms)[0m  [1m[32mINSERT INTO "schema_migrations" ("version") VALUES ($1) RETURNING "version"[0m  [["version", "20181212224810"]]
  ↳ bin/rails:9
  [1m[35m (1.2ms)[0m  [1m[35mCOMMIT[0m
  ↳ bin/rails:9
  [1m[36mActiveRecord::InternalMetadata Load (0.7ms)[0m  [1m[34mSELECT  "ar_internal_metadata".* FROM "ar_internal_metadata" WHERE "ar_internal_metadata"."key" = $1 LIMIT $2[0m  [["key", "environment"], ["LIMIT", 1]]
  ↳ bin/rails:9
  [1m[35m (0.3ms)[0m  [1m[35mBEGIN[0m
  ↳ bin/rails:9
  [1m[35m (0.2ms)[0m  [1m[35mCOMMIT[0m
  ↳ bin/rails:9
  [1m[35m (0.4ms)[0m  [1m[34mSELECT pg_advisory_unlock(4762635147840476445)[0m
  ↳ bin/rails:9
  [1m[35m (0.3ms)[0m  [1m[34mSELECT "schema_migrations"."version" FROM "schema_migrations" ORDER BY "schema_migrations"."version" ASC[0m
  ↳ bin/rails:9
  [1m[35m (1.3ms)[0m  [1m[34mSELECT "schema_migrations"."version" FROM "schema_migrations" ORDER BY "schema_migrations"."version" ASC[0m
  ↳ /Users/aa/.rbenv/versions/2.5.1/bin/annotate:23
  [1m[35m (0.3ms)[0m  [1m[34mSELECT pg_try_advisory_lock(4762635147840476445)[0m
  ↳ bin/rails:9
  [1m[35m (1.1ms)[0m  [1m[34mSELECT "schema_migrations"."version" FROM "schema_migrations" ORDER BY "schema_migrations"."version" ASC[0m
  ↳ bin/rails:9
Migrating to RemoveShortUrlidFromTagTopics (20181212225810)
  [1m[35m (0.2ms)[0m  [1m[35mBEGIN[0m
  ↳ bin/rails:9
  [1m[35m (122.9ms)[0m  [1m[35mALTER TABLE "tag_topics" DROP COLUMN "shortened_url_id"[0m
  ↳ db/migrate/20181212225810_remove_short_urlid_from_tag_topics.rb:3
  [1m[36mActiveRecord::SchemaMigration Create (0.6ms)[0m  [1m[32mINSERT INTO "schema_migrations" ("version") VALUES ($1) RETURNING "version"[0m  [["version", "20181212225810"]]
  ↳ bin/rails:9
  [1m[35m (1.8ms)[0m  [1m[35mCOMMIT[0m
  ↳ bin/rails:9
  [1m[36mActiveRecord::InternalMetadata Load (0.5ms)[0m  [1m[34mSELECT  "ar_internal_metadata".* FROM "ar_internal_metadata" WHERE "ar_internal_metadata"."key" = $1 LIMIT $2[0m  [["key", "environment"], ["LIMIT", 1]]
  ↳ bin/rails:9
  [1m[35m (0.2ms)[0m  [1m[35mBEGIN[0m
  ↳ bin/rails:9
  [1m[35m (0.1ms)[0m  [1m[35mCOMMIT[0m
  ↳ bin/rails:9
  [1m[35m (0.3ms)[0m  [1m[34mSELECT pg_advisory_unlock(4762635147840476445)[0m
  ↳ bin/rails:9
  [1m[35m (0.3ms)[0m  [1m[34mSELECT "schema_migrations"."version" FROM "schema_migrations" ORDER BY "schema_migrations"."version" ASC[0m
  ↳ bin/rails:9
  [1m[35m (1.1ms)[0m  [1m[34mSELECT "schema_migrations"."version" FROM "schema_migrations" ORDER BY "schema_migrations"."version" ASC[0m
  ↳ /Users/aa/.rbenv/versions/2.5.1/bin/annotate:23
